============================= test session starts =============================
platform win32 -- Python 3.14.3, pytest-9.0.2, pluggy-1.6.0 -- C:\Python314\python.exe
cachedir: .pytest_cache
rootdir: C:\Users\whale\uiao-core
configfile: pyproject.toml
testpaths: tests
plugins: cov-7.1.0
collecting ... collected 569 items

tests/test_abstractions.py::test_imports PASSED                          [  0%]
tests/test_abstractions.py::test_capability_defaults PASSED              [  0%]
tests/test_abstractions.py::test_capability_full PASSED                  [  0%]
tests/test_abstractions.py::test_identity_provider_is_abstract PASSED    [  0%]
tests/test_abstractions.py::test_network_edge_is_abstract PASSED         [  0%]
tests/test_abstractions.py::test_dns_provider_is_abstract PASSED         [  1%]
tests/test_abstractions.py::test_policy_enforcement_point_is_abstract PASSED [  1%]
tests/test_abstractions.py::test_concrete_idp_vendor_name PASSED         [  1%]
tests/test_abstractions.py::test_concrete_idp_capabilities PASSED        [  1%]
tests/test_abstractions.py::test_concrete_idp_to_oscal_component PASSED  [  1%]
tests/test_abstractions.py::test_abstract_names PASSED                   [  1%]
tests/test_abstractions.py::test_abstract_capabilities_include_expected_tags PASSED [  2%]
tests/test_abstractions.py::test_piv_authentication_service_is_abstract PASSED [  2%]
tests/test_abstractions.py::test_concrete_piv_to_oscal_component PASSED  [  2%]
tests/test_abstractions.py::test_vulnerability_scanner_is_abstract PASSED [  2%]
tests/test_abstractions.py::test_concrete_scanner_to_oscal_component PASSED [  2%]
tests/test_adapters.py::test_registry_not_empty PASSED                   [  2%]
tests/test_adapters.py::test_all_registered_are_base_adapter_subclasses PASSED [  3%]
tests/test_adapters.py::test_adapter_metadata[entra-id] PASSED           [  3%]
tests/test_adapters.py::test_adapter_metadata[intune] PASSED             [  3%]
tests/test_adapters.py::test_adapter_metadata[m365] PASSED               [  3%]
tests/test_adapters.py::test_adapter_metadata[sql] PASSED                [  3%]
tests/test_adapters.py::test_adapter_connect[entra-id] FAILED            [  4%]
tests/test_adapters.py::test_adapter_connect[intune] FAILED              [  4%]
tests/test_adapters.py::test_adapter_connect[m365] FAILED                [  4%]
tests/test_adapters.py::test_adapter_connect[sql] FAILED                 [  4%]
tests/test_auditor_bundle.py::test_creates_all_files PASSED              [  4%]
tests/test_auditor_bundle.py::test_manifest_run_id PASSED                [  4%]
tests/test_auditor_bundle.py::test_manifest_hashes_are_sha256 PASSED     [  5%]
tests/test_auditor_bundle.py::test_summary_counts PASSED                 [  5%]
tests/test_auditor_bundle.py::test_lineage_parseable PASSED              [  5%]
tests/test_auditor_bundle.py::test_poam_contains_fail_only PASSED        [  5%]
tests/test_cli.py::TestCLIBasics::test_version_flag PASSED               [  5%]
tests/test_cli.py::TestCLIBasics::test_help_flag PASSED                  [  5%]
tests/test_cli.py::TestCLIBasics::test_generate_ssp_help PASSED          [  6%]
tests/test_cli.py::TestCLIBasics::test_validate_help PASSED              [  6%]
tests/test_cli.py::TestCLIBasics::test_canon_check_help PASSED           [  6%]
tests/test_cli.py::TestCLIBasics::test_generate_docs_in_help PASSED      [  6%]
tests/test_cli.py::TestCLIBasics::test_generate_docs_help PASSED         [  6%]
tests/test_cli.py::TestCLIBasics::test_generate_docs_runs PASSED         [  7%]
tests/test_cli.py::TestConmonProcess::test_help_shows_command PASSED     [  7%]
tests/test_cli.py::TestConmonProcess::test_missing_alert_json_exits_nonzero PASSED [  7%]
tests/test_cli.py::TestConmonProcess::test_no_upsert_dry_run PASSED      [  7%]
tests/test_cli.py::TestConmonProcess::test_upsert_writes_poam_file PASSED [  7%]
tests/test_cli.py::TestConmonExportOa::test_help_shows_command PASSED    [  7%]
tests/test_cli.py::TestConmonExportOa::test_exports_valid_json PASSED    [  8%]
tests/test_cli.py::TestConmonExportOa::test_output_path_in_stdout FAILED [  8%]
tests/test_cli.py::TestConmonDashboard::test_help_shows_command PASSED   [  8%]
tests/test_cli.py::TestConmonDashboard::test_exports_json_by_default PASSED [  8%]
tests/test_cli.py::TestConmonDashboard::test_exports_yaml_format PASSED  [  8%]
tests/test_cli.py::TestConmonDashboard::test_invalid_format_exits_nonzero PASSED [  8%]
tests/test_cli.py::TestGenerateAll::test_generate_all_in_help PASSED     [  9%]
tests/test_cli.py::TestGenerateAll::test_generate_all_help PASSED        [  9%]
tests/test_cli.py::TestGenerateAll::test_generate_all_runs_all_steps PASSED [  9%]
tests/test_cli.py::TestGenerateAll::test_generate_all_skip_sbom PASSED   [  9%]
tests/test_cli.py::TestGenerateAll::test_generate_all_partial_failure_exits_nonzero PASSED [  9%]
tests/test_cli_ssp.py::test_ir_ssp_report_markdown_default PASSED        [ 10%]
tests/test_cli_ssp.py::test_ir_ssp_report_json_format PASSED             [ 10%]
tests/test_cli_ssp.py::test_ir_ssp_report_writes_md_file PASSED          [ 10%]
tests/test_cli_ssp.py::test_ir_ssp_report_writes_json_file PASSED        [ 10%]
tests/test_cli_ssp.py::test_ir_ssp_report_help PASSED                    [ 10%]
tests/test_control_library.py::TestSC8FileExists::test_file_exists PASSED [ 10%]
tests/test_control_library.py::TestSC8FileExists::test_is_valid_yaml PASSED [ 11%]
tests/test_control_library.py::TestSC8RequiredFields::test_control_id PASSED [ 11%]
tests/test_control_library.py::TestSC8RequiredFields::test_title PASSED  [ 11%]
tests/test_control_library.py::TestSC8RequiredFields::test_status_implemented PASSED [ 11%]
tests/test_control_library.py::TestSC8RequiredFields::test_narrative_present PASSED [ 11%]
tests/test_control_library.py::TestSC8Narrative::test_narrative_references_tls PASSED [ 11%]
tests/test_control_library.py::TestSC8Narrative::test_narrative_references_fips_140_2 PASSED [ 12%]
tests/test_control_library.py::TestSC8Narrative::test_narrative_references_tls_12 PASSED [ 12%]
tests/test_control_library.py::TestSC8Narrative::test_narrative_has_jinja2_org_name PASSED [ 12%]
tests/test_control_library.py::TestSC8ImplementedBy::test_implemented_by_present PASSED [ 12%]
tests/test_control_library.py::TestSC8ImplementedBy::test_tls_termination_layer_present PASSED [ 12%]
tests/test_control_library.py::TestSC8ImplementedBy::test_api_gateway_present PASSED [ 13%]
tests/test_control_library.py::TestSC8ImplementedBy::test_each_entry_is_present PASSED [ 13%]
tests/test_control_library.py::TestSC8Evidence::test_evidence_present PASSED [ 13%]
tests/test_control_library.py::TestSC8Evidence::test_tls_compliance_scan_artifact PASSED [ 13%]
tests/test_control_library.py::test_ia2_file_exists PASSED               [ 13%]
tests/test_control_library.py::test_ia2_yaml_is_valid PASSED             [ 13%]
tests/test_control_library.py::test_ia2_required_fields PASSED           [ 14%]
tests/test_control_library.py::test_ia2_implemented_by_contains_abstract_types PASSED [ 14%]
tests/test_control_library.py::test_ia2_evidence_contains_mfa_enrollment_report PASSED [ 14%]
tests/test_control_library.py::test_ia2_narrative_references_mfa PASSED  [ 14%]
tests/test_control_library.py::test_ia2_narrative_references_piv_cac PASSED [ 14%]
tests/test_control_library.py::test_ia2_jinja2_template_variables PASSED [ 14%]
tests/test_coverage_export.py::TestBuildCoverageLinks::test_single_evidence_produces_one_link PASSED [ 15%]
tests/test_coverage_export.py::TestBuildCoverageLinks::test_link_fields_correct PASSED [ 15%]
tests/test_coverage_export.py::TestBuildCoverageLinks::test_empty_evidence_returns_empty PASSED [ 15%]
tests/test_coverage_export.py::TestBuildCoverageLinks::test_missing_nist_control_defaults_to_unknown PASSED [ 15%]
tests/test_coverage_export.py::TestBuildCoverageLinks::test_missing_scuba_policy_falls_back_to_policy_id PASSED [ 15%]
tests/test_coverage_export.py::TestBuildCoverageLinks::test_multiple_evidence_produces_multiple_links PASSED [ 15%]
tests/test_coverage_export.py::TestBuildCoverageLinks::test_evidence_hash_is_64_chars PASSED [ 16%]
tests/test_coverage_export.py::TestBuildCoverageLinks::test_coverage_link_is_deterministic PASSED [ 16%]
tests/test_coverage_export.py::TestFormatSSPSection::test_contains_header PASSED [ 16%]
tests/test_coverage_export.py::TestFormatSSPSection::test_contains_control_heading PASSED [ 16%]
tests/test_coverage_export.py::TestFormatSSPSection::test_contains_ksi_reference PASSED [ 16%]
tests/test_coverage_export.py::TestFormatSSPSection::test_controls_sorted PASSED [ 17%]
tests/test_coverage_export.py::TestFormatSSPSection::test_empty_links_still_has_header PASSED [ 17%]
tests/test_cyberark_sync.py::TestCyberArkSync::test_full_pipeline PASSED [ 17%]
tests/test_diagrams.py::TestDiagramsCanon::test_file_exists PASSED       [ 17%]
tests/test_diagrams.py::TestDiagramsCanon::test_loads_as_yaml FAILED     [ 17%]
tests/test_diagrams.py::TestDiagramsCanon::test_diagrams_section_present FAILED [ 17%]
tests/test_diagrams.py::TestDiagramsCanon::test_expected_diagram_keys FAILED [ 18%]
tests/test_diagrams.py::TestDiagramsCanon::test_each_diagram_has_required_fields FAILED [ 18%]
tests/test_diagrams.py::TestDiagramsCanon::test_load_diagrams_canon_function FAILED [ 18%]
tests/test_diagrams.py::TestDiagramsCanon::test_load_diagrams_canon_missing_file PASSED [ 18%]
tests/test_diagrams.py::TestGenerateDiagramsFromCanon::test_creates_plantuml_files FAILED [ 18%]
tests/test_diagrams.py::TestGenerateDiagramsFromCanon::test_plantuml_file_names_match_keys FAILED [ 18%]
tests/test_diagrams.py::TestGenerateDiagramsFromCanon::test_plantuml_file_content_is_nonempty FAILED [ 19%]
tests/test_diagrams.py::TestGenerateDiagramsFromCanon::test_plantuml_file_content_is_valid_plantuml FAILED [ 19%]
tests/test_diagrams.py::TestGenerateDiagramsFromCanon::test_strict_mode_raises_on_render_failure FAILED [ 19%]
tests/test_diagrams.py::TestGenerateDiagramsFromCanon::test_returns_empty_list_for_missing_canon PASSED [ 19%]
tests/test_diagrams.py::TestGenerateDiagramsFromCanon::test_build_diagrams_returns_output_dir FAILED [ 19%]
tests/test_diagrams.py::TestReplacePlantUMLBlocks::test_replaces_single_block PASSED [ 20%]
tests/test_diagrams.py::TestReplacePlantUMLBlocks::test_replaces_multiple_blocks PASSED [ 20%]
tests/test_diagrams.py::TestReplacePlantUMLBlocks::test_leaves_non_plantuml_fences_intact PASSED [ 20%]
tests/test_diagrams.py::TestReplacePlantUMLBlocks::test_no_plantuml_blocks_unchanged PASSED [ 20%]
tests/test_diagrams.py::TestReplacePlantUMLBlocks::test_img_contains_images_dir PASSED [ 20%]
tests/test_diagrams.py::TestReplacePlantUMLBlocks::test_empty_string_unchanged PASSED [ 20%]
tests/test_diagrams.py::TestDiagramsModuleImports::test_import_diagrams_module PASSED [ 21%]
tests/test_diagrams.py::TestDiagramsModuleImports::test_build_diagrams_in_package PASSED [ 21%]
tests/test_diagrams.py::TestBuildDocsDiagramIntegration::test_build_docs_calls_generate_diagrams_with_canon_path PASSED [ 21%]
tests/test_diagrams.py::TestBuildDocsDiagramIntegration::test_build_docs_honors_force_visuals PASSED [ 21%]
tests/test_diagrams.py::TestBuildDocsDiagramIntegration::test_build_docs_skips_diagrams_when_disabled PASSED [ 21%]
tests/test_diagrams.py::TestBuildDocsDiagramIntegration::test_load_diagrams_from_leadership_briefing_canon PASSED [ 21%]
tests/test_diagrams.py::TestPlantUMLThemeConfiguration::test_plantuml_config_file_exists PASSED [ 22%]
tests/test_diagrams.py::TestPlantUMLThemeConfiguration::test_plantuml_config_is_valid_json PASSED [ 22%]
tests/test_diagrams.py::TestPlantUMLThemeConfiguration::test_plantuml_config_theme_is_neutral PASSED [ 22%]
tests/test_diagrams.py::TestPlantUMLThemeConfiguration::test_quarto_yml_plantuml_theme_is_neutral PASSED [ 22%]
tests/test_diagrams.py::TestPlantUMLThemeConfiguration::test_plantuml_html_uses_canonical_theme PASSED [ 22%]
tests/test_diagrams.py::TestPlantUMLThemeConfiguration::test_plantuml_module_theme_constant_is_neutral PASSED [ 23%]
tests/test_diagrams.py::TestPlantUMLThemeConfiguration::test_config_theme_matches_module_constant PASSED [ 23%]
tests/test_diagrams.py::TestPlantUMLThemeConfiguration::test_render_mmdc_passes_config_file PASSED [ 23%]
tests/test_diff_engine.py::test_identical_runs_no_diff PASSED            [ 23%]
tests/test_diff_engine.py::test_added_ksi PASSED                         [ 23%]
tests/test_diff_engine.py::test_removed_ksi PASSED                       [ 23%]
tests/test_diff_engine.py::test_status_change PASSED                     [ 24%]
tests/test_diff_engine.py::test_format_markdown PASSED                   [ 24%]
tests/test_diff_engine.py::test_format_json_structure PASSED             [ 24%]
tests/test_drift_detection.py::test_no_drift_is_benign PASSED            [ 24%]
tests/test_drift_detection.py::test_small_drift_is_risky PASSED          [ 24%]
tests/test_drift_detection.py::test_large_drift_is_unauthorized PASSED   [ 24%]
tests/test_drift_detection.py::test_drift_state_is_deterministic PASSED  [ 25%]
tests/test_e2e.py::TestGeneratorsSmoke::test_build_ssp_produces_json PASSED [ 25%]
tests/test_e2e.py::TestGeneratorsSmoke::test_build_docs_produces_output PASSED [ 25%]
tests/test_e2e.py::TestGeneratorsSmoke::test_build_oscal_produces_json PASSED [ 25%]
tests/test_e2e.py::TestGeneratorsSmoke::test_build_charts_returns_list PASSED [ 25%]
tests/test_e2e.py::TestGeneratorsSmoke::test_validate_oscal_artifacts_no_failures PASSED [ 26%]
tests/test_e2e_atlas_flow.py::TestE2EAtlasFlow::test_leaver_quarantine_flow PASSED [ 26%]
tests/test_evidence.py::TestEvidenceArtifact::test_create_minimal PASSED [ 26%]
tests/test_evidence.py::TestEvidenceArtifact::test_hash_sha256_valid PASSED [ 26%]
tests/test_evidence.py::TestEvidenceArtifact::test_hash_sha256_wrong_length_raises PASSED [ 26%]
tests/test_evidence.py::TestEvidenceArtifact::test_hash_sha256_empty_ok PASSED [ 26%]
tests/test_evidence.py::TestEvidenceArtifact::test_collected_at_is_set PASSED [ 27%]
tests/test_evidence.py::TestEvidenceArtifact::test_extra_fields_allowed PASSED [ 27%]
tests/test_evidence.py::TestEvidenceArtifact::test_extra_fields_round_trip PASSED [ 27%]
tests/test_evidence.py::TestEvidenceMap::test_create_with_artifacts PASSED [ 27%]
tests/test_evidence.py::TestEvidenceBundle::test_artifact_count PASSED   [ 27%]
tests/test_evidence.py::TestEvidenceBundle::test_empty_bundle PASSED     [ 27%]
tests/test_evidence.py::TestEvidenceLinker::test_build_control_map PASSED [ 28%]
tests/test_evidence.py::TestEvidenceLinker::test_control_map_no_duplicates PASSED [ 28%]
tests/test_evidence.py::TestEvidenceLinker::test_to_oscal_back_matter_structure PASSED [ 28%]
tests/test_evidence.py::TestEvidenceLinker::test_every_prop_has_uuid_prop_id_rule PASSED [ 28%]
tests/test_evidence.py::TestEvidenceLinker::test_prop_id_prop_present PASSED [ 28%]
tests/test_evidence.py::TestEvidenceLinker::test_control_ref_props PASSED [ 28%]
tests/test_evidence.py::TestEvidenceLinker::test_fedramp_ns_on_all_props PASSED [ 29%]
tests/test_evidence.py::TestEvidenceLinker::test_inject_into_ssp_adds_resources PASSED [ 29%]
tests/test_evidence.py::TestEvidenceLinker::test_inject_into_ssp_no_duplicates PASSED [ 29%]
tests/test_evidence.py::TestEvidenceLinker::test_inject_bare_ssp_dict PASSED [ 29%]
tests/test_evidence.py::TestEvidenceLinker::test_empty_linker_returns_empty_resources PASSED [ 29%]
tests/test_evidence.py::TestEvidenceBundler::test_build_manifest_structure PASSED [ 30%]
tests/test_evidence.py::TestEvidenceBundler::test_build_bundle_model PASSED [ 30%]
tests/test_evidence.py::TestEvidenceBundler::test_write_zip_creates_file PASSED [ 30%]
tests/test_evidence.py::TestEvidenceBundler::test_zip_oscal_back_matter_has_prop_ids PASSED [ 30%]
tests/test_evidence.py::TestEvidenceBundler::test_write_zip_include_files_skips_missing PASSED [ 30%]
tests/test_evidence.py::TestEvidenceBundler::test_empty_bundler PASSED   [ 30%]
tests/test_evidence.py::TestEvidenceCollector::test_import_package PASSED [ 31%]
tests/test_evidence.py::TestEvidenceCollector::test_collector_stub_returns_artifacts PASSED [ 31%]
tests/test_evidence.py::TestEvidenceCollector::test_collector_default_runs_without_error PASSED [ 31%]
tests/test_evidence.py::TestEvidenceCollector::test_manual_upload_missing_yaml_returns_empty PASSED [ 31%]
tests/test_evidence.py::TestEvidenceCollector::test_collector_connector_error_does_not_propagate PASSED [ 31%]
tests/test_evidence.py::TestEvidenceCollector::test_vuln_scan_with_files PASSED [ 31%]
tests/test_evidence.py::TestOSCALSSPBackMatter::test_ssp_back_matter_has_resources FAILED [ 32%]
tests/test_evidence.py::TestOSCALSSPBackMatter::test_ssp_back_matter_props_have_uuid PASSED [ 32%]
tests/test_evidence_bundle.py::test_bundle_returns_instance PASSED       [ 32%]
tests/test_evidence_bundle.py::test_bundle_run_id PASSED                 [ 32%]
tests/test_evidence_bundle.py::test_bundle_evidence_count PASSED         [ 32%]
tests/test_evidence_bundle.py::test_bundle_summary_counts PASSED         [ 33%]
tests/test_evidence_bundle.py::test_bundle_unmapped_ksi PASSED           [ 33%]
tests/test_evidence_bundle.py::test_bundle_evidence_sorted PASSED        [ 33%]
tests/test_evidence_bundle.py::test_bundle_to_dict_serializable PASSED   [ 33%]
tests/test_evidence_bundle.py::test_bundle_canonical_is_stable PASSED    [ 33%]
tests/test_evidence_bundle.py::test_bundle_hash_is_stable PASSED         [ 33%]
tests/test_evidence_bundle.py::test_bundle_hash_is_not_empty PASSED      [ 34%]
tests/test_evidence_bundle.py::test_bundle_summary_contains_run_id PASSED [ 34%]
tests/test_evidence_bundle.py::test_bundle_summary_contains_hash PASSED  [ 34%]
tests/test_generate_diagrams.py::TestIsGeminiOwned::test_src_templates_always_gemini FAILED [ 34%]
tests/test_generate_diagrams.py::TestIsGeminiOwned::test_docs_untagged_not_gemini PASSED [ 34%]
tests/test_generate_diagrams.py::TestIsGeminiOwned::test_canon_untagged_not_gemini PASSED [ 34%]
tests/test_generate_diagrams.py::TestIsGeminiOwned::test_gemini_tag_returns_true PASSED [ 35%]
tests/test_generate_diagrams.py::TestIsGeminiOwned::test_unknown_tag_returns_false PASSED [ 35%]
tests/test_generate_diagrams.py::TestIsGeminiOwned::test_no_tag_returns_false PASSED [ 35%]
tests/test_generate_diagrams.py::TestIsGeminiOwned::test_gemini_tag_in_src_templates FAILED [ 35%]
tests/test_generate_diagrams.py::TestIsGeminiOwned::test_malformed_frontmatter_treated_as_unowned PASSED [ 35%]
tests/test_generate_diagrams.py::TestIsGeminiOwned::test_missing_file_treated_as_unowned PASSED [ 36%]
tests/test_generate_diagrams.py::TestCollectGeminiFiles::test_empty_repo_returns_empty PASSED [ 36%]
tests/test_generate_diagrams.py::TestCollectGeminiFiles::test_src_templates_picked_up PASSED [ 36%]
tests/test_generate_diagrams.py::TestCollectGeminiFiles::test_docs_tagged_gemini_picked_up PASSED [ 36%]
tests/test_generate_diagrams.py::TestCollectGeminiFiles::test_docs_untagged_not_picked_up PASSED [ 36%]
tests/test_generate_diagrams.py::TestCollectGeminiFiles::test_no_duplicates_when_src_templates_and_secondary_scan_overlap PASSED [ 36%]
tests/test_generate_diagrams.py::TestCollectGeminiFiles::test_canon_tagged_gemini_picked_up PASSED [ 37%]
tests/test_generate_diagrams.py::TestCollectGeminiFiles::test_templates_tagged_gemini_picked_up PASSED [ 37%]
tests/test_generators.py::TestGeneratorImports::test_import_ssp PASSED   [ 37%]
tests/test_generators.py::TestGeneratorImports::test_import_oscal PASSED [ 37%]
tests/test_generators.py::TestGeneratorImports::test_import_poam PASSED  [ 37%]
tests/test_generators.py::TestGeneratorImports::test_import_docs PASSED  [ 37%]
tests/test_generators.py::TestGeneratorImports::test_import_package_init PASSED [ 38%]
tests/test_generators.py::TestOSCALBuilder::test_build_component_definition_empty PASSED [ 38%]
tests/test_generators.py::TestOSCALBuilder::test_build_component_definition_with_planes PASSED [ 38%]
tests/test_generators.py::TestPOAMBuilder::test_detect_gaps_empty PASSED [ 38%]
tests/test_generators.py::TestPOAMBuilder::test_detect_gaps_low_maturity PASSED [ 38%]
tests/test_generators.py::TestPOAMBuilder::test_build_poam_empty PASSED  [ 39%]
tests/test_generators.py::TestSSPBuilder::test_build_ssp_empty_context PASSED [ 39%]
tests/test_generators.py::TestSSPBuilder::test_build_ssp_output_path_alias PASSED [ 39%]
tests/test_generators.py::TestSSPBuilder::test_build_ssp_skeleton_required_top_level_keys PASSED [ 39%]
tests/test_generators.py::TestSSPBuilder::test_build_ssp_fedramp_rev5_metadata_props FAILED [ 39%]
tests/test_generators.py::TestSSPBuilder::test_build_ssp_all_required_roles FAILED [ 39%]
tests/test_generators.py::TestSSPBuilder::test_build_ssp_responsible_parties PASSED [ 40%]
tests/test_generators.py::TestSSPBuilder::test_build_ssp_system_characteristics_sections PASSED [ 40%]
tests/test_generators.py::TestSSPBuilder::test_build_ssp_system_characteristics_cloud_props FAILED [ 40%]
tests/test_generators.py::TestSSPBuilder::test_build_ssp_back_matter_section12 FAILED [ 40%]
tests/test_generators.py::TestSSPBuilder::test_build_ssp_information_type_has_uuid PASSED [ 40%]
tests/test_generators.py::TestSSPBuilder::test_build_ssp_all_matrix_controls_included PASSED [ 40%]
tests/test_generators.py::TestSSPBuilder::test_build_ssp_no_duplicate_control_ids PASSED [ 41%]
tests/test_generators.py::TestSSPBuilder::test_build_ssp_users_include_all_roles PASSED [ 41%]
tests/test_generators.py::TestSSPBuilder::test_load_ssp_template_structure FAILED [ 41%]
tests/test_generators.py::TestInventoryFromCoreStack::test_empty_list_returns_empty PASSED [ 41%]
tests/test_generators.py::TestInventoryFromCoreStack::test_basic_component_becomes_inventory_item PASSED [ 41%]
tests/test_generators.py::TestInventoryFromCoreStack::test_pillar_prop_is_included PASSED [ 42%]
tests/test_generators.py::TestInventoryFromCoreStack::test_vendor_prop_is_included_when_present PASSED [ 42%]
tests/test_generators.py::TestInventoryFromCoreStack::test_missing_pillar_produces_empty_implemented_components PASSED [ 42%]
tests/test_generators.py::TestInventoryFromCoreStack::test_entry_without_id_is_skipped PASSED [ 42%]
tests/test_generators.py::TestInventoryFromCoreStack::test_non_dict_entries_are_skipped PASSED [ 42%]
tests/test_generators.py::TestSSPInventoryMerge::test_core_stack_items_appear_in_ssp_inventory PASSED [ 42%]
tests/test_generators.py::TestSSPInventoryMerge::test_manual_inventory_items_take_precedence_over_core_stack PASSED [ 43%]
tests/test_generators.py::TestSSPInventoryMerge::test_inventory_item_links_to_component_uuid PASSED [ 43%]
tests/test_generators.py::TestDetectInventoryGaps::test_empty_context_returns_empty PASSED [ 43%]
tests/test_generators.py::TestDetectInventoryGaps::test_known_pillar_produces_no_gap PASSED [ 43%]
tests/test_generators.py::TestDetectInventoryGaps::test_unknown_pillar_produces_gap PASSED [ 43%]
tests/test_generators.py::TestDetectInventoryGaps::test_multiple_unknown_pillars PASSED [ 43%]
tests/test_generators.py::TestDetectInventoryGaps::test_detect_gaps_includes_inventory_gaps PASSED [ 44%]
tests/test_generators.py::TestDetectInventoryGaps::test_component_without_pillar_is_not_flagged PASSED [ 44%]
tests/test_governance_actions.py::TestSLA::test_critical_sla PASSED      [ 44%]
tests/test_governance_actions.py::TestSLA::test_high_sla PASSED          [ 44%]
tests/test_governance_actions.py::TestSLA::test_medium_sla PASSED        [ 44%]
tests/test_governance_actions.py::TestSLA::test_low_sla PASSED           [ 44%]
tests/test_governance_actions.py::TestSLA::test_unknown_sla_defaults PASSED [ 45%]
tests/test_governance_actions.py::TestOwnership::test_ksi_ia_prefix PASSED [ 45%]
tests/test_governance_actions.py::TestOwnership::test_ksi_ac_prefix PASSED [ 45%]
tests/test_governance_actions.py::TestOwnership::test_ksi_au_prefix PASSED [ 45%]
tests/test_governance_actions.py::TestOwnership::test_ksi_sc_prefix PASSED [ 45%]
tests/test_governance_actions.py::TestOwnership::test_unknown_prefix_defaults PASSED [ 46%]
tests/test_governance_actions.py::TestClassifyActionType::test_unauthorized_drift_always_escalates PASSED [ 46%]
tests/test_governance_actions.py::TestClassifyActionType::test_critical_no_drift_remediates PASSED [ 46%]
tests/test_governance_actions.py::TestClassifyActionType::test_high_no_drift_remediates PASSED [ 46%]
tests/test_governance_actions.py::TestClassifyActionType::test_medium_monitors PASSED [ 46%]
tests/test_governance_actions.py::TestClassifyActionType::test_low_monitors PASSED [ 46%]
tests/test_governance_actions.py::TestClassifyActionType::test_unknown_severity_reviews PASSED [ 47%]
tests/test_governance_actions.py::TestBuildGovernanceActions::test_single_evidence_no_drift PASSED [ 47%]
tests/test_governance_actions.py::TestBuildGovernanceActions::test_unauthorized_drift_escalates PASSED [ 47%]
tests/test_governance_actions.py::TestBuildGovernanceActions::test_benign_drift_still_remediates_critical PASSED [ 47%]
tests/test_governance_actions.py::TestBuildGovernanceActions::test_empty_evidence_returns_empty PASSED [ 47%]
tests/test_governance_actions.py::TestBuildGovernanceActions::test_multiple_evidence_objects PASSED [ 47%]
tests/test_governance_actions.py::TestBuildGovernanceActions::test_deterministic_output PASSED [ 48%]
tests/test_governance_actions.py::TestBuildGovernanceActions::test_pass_evidence_still_produces_action PASSED [ 48%]
tests/test_governance_actions.py::TestReport::test_summarize_counts_by_type PASSED [ 48%]
tests/test_governance_actions.py::TestReport::test_format_report_contains_headers PASSED [ 48%]
tests/test_governance_actions.py::TestReport::test_format_report_contains_action_line PASSED [ 48%]
tests/test_governance_actions.py::TestReport::test_empty_actions_report PASSED [ 49%]
tests/test_integration.py::test_utils_context_imports PASSED             [ 49%]
tests/test_integration.py::test_utils_package_reexports PASSED           [ 49%]
tests/test_integration.py::test_get_settings_returns_settings PASSED     [ 49%]
tests/test_integration.py::test_load_context_empty_dir PASSED            [ 49%]
tests/test_integration.py::test_load_context_merges_data PASSED          [ 49%]
tests/test_integration.py::test_docs_generator_import PASSED             [ 50%]
tests/test_integration.py::test_oscal_generator_import PASSED            [ 50%]
tests/test_integration.py::test_poam_generator_import PASSED             [ 50%]
tests/test_integration.py::test_charts_generator_import PASSED           [ 50%]
tests/test_integration.py::test_ssp_generator_import PASSED              [ 50%]
tests/test_integration.py::test_rich_docx_generator_import PASSED        [ 50%]
tests/test_integration.py::test_trestle_generator_import PASSED          [ 51%]
tests/test_ir_cli.py::TestIRScubaTransform::test_summary_printed PASSED  [ 51%]
tests/test_ir_cli.py::TestIRScubaTransform::test_out_writes_json PASSED  [ 51%]
tests/test_ir_cli.py::TestIRScubaTransform::test_missing_file_exits_nonzero PASSED [ 51%]
tests/test_ir_cli.py::TestIREvidenceBundle::test_summary_printed PASSED  [ 51%]
tests/test_ir_cli.py::TestIREvidenceBundle::test_out_writes_canonical_json PASSED [ 52%]
tests/test_ir_cli.py::TestIRPoamExport::test_summary_printed PASSED      [ 52%]
tests/test_ir_cli.py::TestIRPoamExport::test_fail_row_present PASSED     [ 52%]
tests/test_ir_cli.py::TestIRPoamExport::test_out_writes_json PASSED      [ 52%]
tests/test_ir_cli.py::TestIRDriftDetect::test_no_drift PASSED            [ 52%]
tests/test_ir_cli.py::TestIRDriftDetect::test_drift_detected PASSED      [ 52%]
tests/test_ir_cli.py::TestIRDriftDetect::test_out_writes_drift_json PASSED [ 53%]
tests/test_ir_cli.py::test_cli_root_help PASSED                          [ 53%]
tests/test_ir_dashboard.py::TestBuildIrDashboard::test_structure PASSED  [ 53%]
tests/test_ir_dashboard.py::TestBuildIrDashboard::test_freshness_counts PASSED [ 53%]
tests/test_ir_dashboard.py::TestBuildIrDashboard::test_governance_summary_by_severity PASSED [ 53%]
tests/test_ir_dashboard.py::TestBuildIrDashboard::test_freshness_records_serializable PASSED [ 53%]
tests/test_ir_dashboard.py::TestBuildIrDashboard::test_export_writes_file PASSED [ 54%]
tests/test_ir_freshness.py::TestClassifyAge::test_fresh PASSED           [ 54%]
tests/test_ir_freshness.py::TestClassifyAge::test_stale_soon PASSED      [ 54%]
tests/test_ir_freshness.py::TestClassifyAge::test_stale PASSED           [ 54%]
tests/test_ir_freshness.py::TestParseIso::test_parses_utc_z PASSED       [ 54%]
tests/test_ir_freshness.py::TestParseIso::test_parses_iso_offset PASSED  [ 55%]
tests/test_ir_freshness.py::TestBuildFreshnessRecords::test_fresh_evidence PASSED [ 55%]
tests/test_ir_freshness.py::TestBuildFreshnessRecords::test_stale_evidence PASSED [ 55%]
tests/test_ir_freshness.py::TestBuildFreshnessRecords::test_missing_timestamp_is_stale PASSED [ 55%]
tests/test_ir_freshness.py::TestBuildFreshnessRecords::test_threshold_lookup_by_family PASSED [ 55%]
tests/test_ir_freshness.py::TestGenerateRefreshActions::test_generates_action_for_stale PASSED [ 55%]
tests/test_ir_freshness.py::TestGenerateRefreshActions::test_deduplication PASSED [ 56%]
tests/test_ir_governance_cli.py::TestIRGovernanceReport::test_report_printed PASSED [ 56%]
tests/test_ir_governance_cli.py::TestIRGovernanceReport::test_report_contains_action_types PASSED [ 56%]
tests/test_ir_governance_cli.py::TestIRGovernanceReport::test_report_contains_total_actions PASSED [ 56%]
tests/test_ir_governance_cli.py::TestIRGovernanceReport::test_out_writes_json PASSED [ 56%]
tests/test_ir_governance_cli.py::TestIRGovernanceReport::test_out_json_has_required_fields PASSED [ 56%]
tests/test_ir_governance_cli.py::TestIRGovernanceReport::test_cli_help_lists_command PASSED [ 57%]
tests/test_ir_hash_stability.py::test_evidence_hash_stable_for_same_content PASSED [ 57%]
tests/test_ir_hash_stability.py::test_evidence_hash_changes_with_different_content PASSED [ 57%]
tests/test_ir_hash_stability.py::test_provenance_hash_stable PASSED      [ 57%]
tests/test_ir_hash_stability.py::test_evidence_canonical_json_stable PASSED [ 57%]
tests/test_ir_hash_stability.py::test_evidence_hash_is_64_hex_chars PASSED [ 57%]
tests/test_ir_validator.py::test_valid_passes PASSED                     [ 58%]
tests/test_ir_validator.py::test_missing_file PASSED                     [ 58%]
tests/test_ir_validator.py::test_missing_ksi_results PASSED              [ 58%]
tests/test_ir_validator.py::test_tenant_as_string PASSED                 [ 58%]
tests/test_ir_validator.py::test_invalid_status PASSED                   [ 58%]
tests/test_ir_validator.py::test_missing_metadata_key PASSED             [ 59%]
tests/test_ir_validator.py::test_empty_ksi_warns PASSED                  [ 59%]
tests/test_local_sync.py::test_pipeline PASSED                           [ 59%]
tests/test_models.py::TestCanonEntry::test_create_minimal_entry PASSED   [ 59%]
tests/test_models.py::TestCanonEntry::test_extra_fields_allowed PASSED   [ 59%]
tests/test_models.py::TestCanonEntry::test_missing_required_field_raises PASSED [ 59%]
tests/test_models.py::TestDiagramDefinition::test_create_minimal_diagram PASSED [ 60%]
tests/test_models.py::TestDiagramDefinition::test_create_full_diagram PASSED [ 60%]
tests/test_models.py::TestDiagramDefinition::test_extra_fields_allowed PASSED [ 60%]
tests/test_models.py::TestDiagramDefinition::test_empty_diagram_is_valid PASSED [ 60%]
tests/test_models.py::TestCanonModelDiagrams::test_canon_model_has_diagrams_field PASSED [ 60%]
tests/test_models.py::TestCanonModelDiagrams::test_canon_model_validates_diagrams PASSED [ 60%]
tests/test_models.py::TestCanonModelDiagrams::test_canon_model_backward_compatible_without_diagrams PASSED [ 61%]
tests/test_models.py::TestCanonModelDiagrams::test_leadership_briefing_canon_loads_with_diagrams PASSED [ 61%]
tests/test_models.py::TestCanonLoading::test_canon_dir_exists PASSED     [ 61%]
tests/test_models.py::TestCanonLoading::test_canon_has_yaml_files PASSED [ 61%]
tests/test_models.py::TestCanonLoading::test_data_dir_exists PASSED      [ 61%]
tests/test_models.py::TestCanonLoading::test_data_has_yaml_files PASSED  [ 62%]
tests/test_monitoring_dashboard.py::TestEventProcessor::test_normalise_generic_event PASSED [ 62%]
tests/test_monitoring_dashboard.py::TestEventProcessor::test_evaluate_known_signal_returns_finding PASSED [ 62%]
tests/test_monitoring_dashboard.py::TestEventProcessor::test_evaluate_unknown_signal_returns_si4_finding PASSED [ 62%]
tests/test_monitoring_dashboard.py::TestEventProcessor::test_to_poam_dict_has_fedramp_fields PASSED [ 62%]
tests/test_monitoring_dashboard.py::TestEventProcessor::test_process_sentinel_payload PASSED [ 62%]
tests/test_monitoring_dashboard.py::TestEventProcessor::test_missing_sources_file_does_not_raise PASSED [ 63%]
tests/test_monitoring_dashboard.py::TestSentinelHook::test_parse_alert_native_schema PASSED [ 63%]
tests/test_monitoring_dashboard.py::TestSentinelHook::test_build_poam_entry_has_fedramp_fields PASSED [ 63%]
tests/test_monitoring_dashboard.py::TestSentinelHook::test_map_controls_returns_list PASSED [ 63%]
tests/test_monitoring_dashboard.py::TestSentinelHook::test_upsert_poam_entry_writes_file PASSED [ 63%]
tests/test_monitoring_dashboard.py::TestSentinelHook::test_upsert_poam_entry_deduplicates PASSED [ 63%]
tests/test_monitoring_dashboard.py::TestSentinelHook::test_handle_webhook_returns_summary PASSED [ 64%]
tests/test_monitoring_dashboard.py::TestOngoingAuthGenerator::test_generate_returns_oscal_structure PASSED [ 64%]
tests/test_monitoring_dashboard.py::TestOngoingAuthGenerator::test_observations_have_control_id_prop PASSED [ 64%]
tests/test_monitoring_dashboard.py::TestOngoingAuthGenerator::test_relevant_evidence_has_prop_id PASSED [ 64%]
tests/test_monitoring_dashboard.py::TestOngoingAuthGenerator::test_export_writes_valid_json PASSED [ 64%]
tests/test_monitoring_dashboard.py::TestOngoingAuthGenerator::test_missing_files_do_not_raise PASSED [ 65%]
tests/test_monitoring_dashboard.py::TestKSICalculator::test_score_returns_correct_counts PASSED [ 65%]
tests/test_monitoring_dashboard.py::TestKSICalculator::test_score_percentage_calculation PASSED [ 65%]
tests/test_monitoring_dashboard.py::TestKSICalculator::test_controls_covered_deduplicates PASSED [ 65%]
tests/test_monitoring_dashboard.py::TestKSICalculator::test_missing_file_returns_empty_score PASSED [ 65%]
tests/test_monitoring_dashboard.py::TestDashboardExporter::test_export_json_creates_file PASSED [ 65%]
tests/test_monitoring_dashboard.py::TestDashboardExporter::test_export_yaml_creates_file PASSED [ 66%]
tests/test_monitoring_dashboard.py::TestDashboardExporter::test_report_contains_fedramp_fields PASSED [ 66%]
tests/test_mover_logic.py::TestMoverLogic::test_joiner_provisioning_steps PASSED [ 66%]
tests/test_mover_logic.py::TestMoverLogic::test_leaver_enforcement_includes_network_quarantine PASSED [ 66%]
tests/test_mover_logic.py::TestMoverLogic::test_leaver_sla_under_threshold PASSED [ 66%]
tests/test_mover_logic.py::TestMoverLogic::test_mover_trigger_is_department_change PASSED [ 66%]
tests/test_mover_logic.py::TestMoverLogic::test_revoke_and_grant_are_mutually_exclusive PASSED [ 67%]
tests/test_mover_logic.py::TestMoverLogic::test_sarah_miller_grant_groups PASSED [ 67%]
tests/test_mover_logic.py::TestMoverLogic::test_sarah_miller_revoke_groups PASSED [ 67%]
tests/test_mover_logic.py::TestMoverLogic::test_sarah_miller_transition_exists PASSED [ 67%]
tests/test_narrative_loader.py::test_load_empty_dir PASSED               [ 67%]
tests/test_narrative_loader.py::test_load_renders_jinja2 PASSED          [ 68%]
tests/test_narrative_loader.py::test_load_handles_missing_vars PASSED    [ 68%]
tests/test_narrative_loader.py::test_both_implemented_by_schemas PASSED  [ 68%]
tests/test_overlay_loader.py::TestMergeByKey::test_updates_matching_entry PASSED [ 68%]
tests/test_overlay_loader.py::TestMergeByKey::test_appends_new_entry PASSED [ 68%]
tests/test_overlay_loader.py::TestMergeByKey::test_preserves_original_order PASSED [ 68%]
tests/test_overlay_loader.py::TestMergeByKey::test_no_overlay_unchanged PASSED [ 69%]
tests/test_overlay_loader.py::TestMergeByKey::test_empty_base_with_overlay PASSED [ 69%]
tests/test_overlay_loader.py::TestApplyOverlay::test_control_plane_subtitle_overridden PASSED [ 69%]
tests/test_overlay_loader.py::TestApplyOverlay::test_fedramp_evidence_overridden PASSED [ 69%]
tests/test_overlay_loader.py::TestApplyOverlay::test_overlay_meta_ignored PASSED [ 69%]
tests/test_overlay_loader.py::TestApplyOverlay::test_non_overlapping_plane_unchanged PASSED [ 69%]
tests/test_overlay_loader.py::TestApplyOverlay::test_multiple_overlays_accumulate PASSED [ 70%]
tests/test_overlay_loader.py::TestOverlayIntegration::test_all_overlays_restore_vendor_names FAILED [ 70%]
tests/test_overlay_loader.py::TestOverlayIntegration::test_fedramp_alignment_updated_via_top_level_key FAILED [ 70%]
tests/test_overlay_loader.py::TestOverlayIntegration::test_no_overlays_uses_generic_names PASSED [ 70%]
tests/test_poam.py::TestRiskRating::test_values PASSED                   [ 70%]
tests/test_poam.py::TestRemediationStatus::test_open_value PASSED        [ 71%]
tests/test_poam.py::TestRemediationStatus::test_in_progress_value_has_hyphen PASSED [ 71%]
tests/test_poam.py::TestRemediationStatus::test_closed_value PASSED      [ 71%]
tests/test_poam.py::TestRemediationStatus::test_delayed_value PASSED     [ 71%]
tests/test_poam.py::TestPOAMEntry::test_defaults PASSED                  [ 71%]
tests/test_poam.py::TestPOAMEntry::test_to_oscal_item_contains_props_with_uuid PASSED [ 71%]
tests/test_poam.py::TestPOAMEntry::test_to_oscal_item_prop_names PASSED  [ 72%]
tests/test_poam.py::TestPOAMEntry::test_to_csv_row_keys PASSED           [ 72%]
tests/test_poam.py::TestPOAMEntry::test_to_csv_row_remediation_status_fedramp_enum PASSED [ 72%]
tests/test_poam.py::TestPOAMRule::test_model_validate PASSED             [ 72%]
tests/test_poam.py::TestLoadRules::test_load_rules_missing_path_returns_empty PASSED [ 72%]
tests/test_poam.py::TestLoadRules::test_load_rules_from_yaml PASSED      [ 72%]
tests/test_poam.py::TestEvaluateLowMaturity::test_no_matrix_returns_empty PASSED [ 73%]
tests/test_poam.py::TestEvaluateLowMaturity::test_matching_maturity_detected PASSED [ 73%]
tests/test_poam.py::TestEvaluateLowMaturity::test_non_matching_maturity_ignored PASSED [ 73%]
tests/test_poam.py::TestEvaluateMissingEvidence::test_no_fedramp_config_returns_empty PASSED [ 73%]
tests/test_poam.py::TestEvaluateMissingEvidence::test_empty_evidence_source_detected PASSED [ 73%]
tests/test_poam.py::TestEvaluateMissingEvidence::test_present_evidence_not_flagged PASSED [ 73%]
tests/test_poam.py::TestEvaluateMissingControl::test_control_absent_from_context PASSED [ 74%]
tests/test_poam.py::TestEvaluateMissingControl::test_control_present_in_matrix PASSED [ 74%]
tests/test_poam.py::TestEvaluateMissingControl::test_control_present_in_fedramp_mappings PASSED [ 74%]
tests/test_poam.py::TestEvaluateMissingControl::test_empty_condition_value_returns_empty PASSED [ 74%]
tests/test_poam.py::TestEvaluateRules::test_empty_rules_returns_empty PASSED [ 74%]
tests/test_poam.py::TestEvaluateRules::test_finding_id_uses_poam_uiao_prefix PASSED [ 75%]
tests/test_poam.py::TestEvaluateRules::test_finding_id_sequential PASSED [ 75%]
tests/test_poam.py::TestEvaluateRules::test_uuid_is_valid_uuidv4 PASSED  [ 75%]
tests/test_poam.py::TestEvaluateRules::test_unknown_condition_type_produces_no_entries PASSED [ 75%]
tests/test_poam.py::TestEvaluateRules::test_low_maturity_entry_source_is_rule_engine PASSED [ 75%]
tests/test_poam_export.py::test_poam_only_contains_fail_and_warn PASSED  [ 75%]
tests/test_poam_export.py::test_poam_row_count PASSED                    [ 76%]
tests/test_poam_export.py::test_poam_sorted_by_severity PASSED           [ 76%]
tests/test_poam_export.py::test_poam_has_required_fields PASSED          [ 76%]
tests/test_poam_export.py::test_poam_sla_critical_is_15 PASSED           [ 76%]
tests/test_poam_export.py::test_poam_evidence_hash_is_64_chars PASSED    [ 76%]
tests/test_poam_export.py::test_poam_to_json_is_valid PASSED             [ 76%]
tests/test_poam_export.py::test_poam_is_deterministic PASSED             [ 77%]
tests/test_poam_export.py::test_poam_summary_output PASSED               [ 77%]
tests/test_scuba_adapter.py::TestScubaAdapterInit::test_adapter_id PASSED [ 77%]
tests/test_scuba_adapter.py::TestScubaAdapterInit::test_no_report_path PASSED [ 77%]
tests/test_scuba_adapter.py::TestScubaAdapterInit::test_report_path_set PASSED [ 77%]
tests/test_scuba_adapter.py::TestScubaAdapterConnect::test_connect_loads_report PASSED [ 78%]
tests/test_scuba_adapter.py::TestScubaAdapterConnect::test_connect_provenance_identity PASSED [ 78%]
tests/test_scuba_adapter.py::TestScubaAdapterConnect::test_extract_results PASSED [ 78%]
tests/test_scuba_adapter.py::TestScubaAdapterNormalize::test_normalize_returns_claim_set PASSED [ 78%]
tests/test_scuba_adapter.py::TestScubaAdapterNormalize::test_normalize_pass_result PASSED [ 78%]
tests/test_scuba_adapter.py::TestScubaAdapterNormalize::test_normalize_fail_result PASSED [ 78%]
tests/test_scuba_adapter.py::TestScubaAdapterNormalize::test_normalize_control_id_mapping PASSED [ 79%]
tests/test_scuba_adapter.py::TestScubaAdapterNormalize::test_normalize_unmapped_policy PASSED [ 79%]
tests/test_scuba_adapter.py::TestScubaAdapterCollectAndAlign::test_collect_and_align_structure PASSED [ 79%]
tests/test_scuba_adapter.py::TestScubaAdapterCollectAndAlign::test_collect_and_align_counts PASSED [ 79%]
tests/test_scuba_adapter.py::TestScubaAdapterCollectAndAlign::test_collect_and_align_overlay_ref PASSED [ 79%]
tests/test_scuba_adapter.py::TestScubaAdapterDriftDetection::test_detect_drift_has_failing PASSED [ 79%]
tests/test_scuba_adapter.py::TestScubaAdapterDriftDetection::test_detect_drift_no_failing PASSED [ 80%]
tests/test_scuba_adapter.py::TestScubaKsiMapping::test_ksi_map_aad_entries PASSED [ 80%]
tests/test_scuba_adapter.py::TestScubaKsiMapping::test_ksi_map_defender_entries PASSED [ 80%]
tests/test_scuba_adapter.py::TestScubaKsiMapping::test_get_ksi_evidence PASSED [ 80%]
tests/test_scuba_adapter.py::TestScubaKsiMapping::test_get_ksi_evidence_no_match PASSED [ 80%]
tests/test_scuba_transformer_determinism.py::test_transform_returns_result PASSED [ 81%]
tests/test_scuba_transformer_determinism.py::test_evidence_count_matches_ksi_results PASSED [ 81%]
tests/test_scuba_transformer_determinism.py::test_pass_warn_fail_counts_are_correct PASSED [ 81%]
tests/test_scuba_transformer_determinism.py::test_unmapped_ksi_flagged PASSED [ 81%]
tests/test_scuba_transformer_determinism.py::test_known_ksi_is_mapped PASSED [ 81%]
tests/test_scuba_transformer_determinism.py::test_evidence_ids_are_unique PASSED [ 81%]
tests/test_scuba_transformer_determinism.py::test_evidence_provenance_timestamp PASSED [ 82%]
tests/test_scuba_transformer_determinism.py::test_evidence_control_linkage PASSED [ 82%]
tests/test_scuba_transformer_determinism.py::test_evidence_policy_linkage PASSED [ 82%]
tests/test_scuba_transformer_determinism.py::test_unmapped_evidence_has_no_control_id PASSED [ 82%]
tests/test_scuba_transformer_determinism.py::test_transform_is_deterministic PASSED [ 82%]
tests/test_scuba_transformer_determinism.py::test_evidence_hash_is_stable PASSED [ 82%]
tests/test_scuba_transformer_determinism.py::test_canonical_json_is_stable PASSED [ 83%]
tests/test_scuba_transformer_determinism.py::test_summary_contains_run_id PASSED [ 83%]
tests/test_scuba_transformer_determinism.py::test_summary_contains_counts PASSED [ 83%]
tests/test_scuba_transformer_determinism.py::test_to_dict_is_serializable PASSED [ 83%]
tests/test_ssp_lineage.py::test_lineage_basic_structure PASSED           [ 83%]
tests/test_ssp_lineage.py::test_lineage_no_actions PASSED                [ 84%]
tests/test_ssp_lineage.py::test_lineage_multiple_ksis_merged PASSED      [ 84%]
tests/test_ssp_lineage.py::test_lineage_multiple_controls PASSED         [ 84%]
tests/test_ssp_lineage.py::test_lineage_ksis_deduplicated PASSED         [ 84%]
tests/test_ssp_narrative.py::test_single_control_narrative PASSED        [ 84%]
tests/test_ssp_narrative.py::test_escalate_action_sets_at_risk PASSED    [ 84%]
tests/test_ssp_narrative.py::test_monitor_action_sets_monitored PASSED   [ 85%]
tests/test_ssp_narrative.py::test_no_actions_drift_status_none PASSED    [ 85%]
tests/test_ssp_narrative.py::test_multiple_controls_sorted PASSED        [ 85%]
tests/test_ssp_narrative.py::test_format_ssp_markdown_headings PASSED    [ 85%]
tests/test_ssp_narrative.py::test_format_ssp_markdown_no_drift_section_when_none PASSED [ 85%]
tests/test_workflow_serialization.py::test_workflow_yaml_parses[adapter-run-scuba.yml] PASSED [ 85%]
tests/test_workflow_serialization.py::test_workflow_yaml_parses[ai-security-audit.yml] PASSED [ 86%]
tests/test_workflow_serialization.py::test_workflow_yaml_parses[canon-validation.yml] PASSED [ 86%]
tests/test_workflow_serialization.py::test_workflow_yaml_parses[changelog.yml] PASSED [ 86%]
tests/test_workflow_serialization.py::test_workflow_yaml_parses[ci.yml] PASSED [ 86%]
tests/test_workflow_serialization.py::test_workflow_yaml_parses[compliance-mapping.yml] PASSED [ 86%]
tests/test_workflow_serialization.py::test_workflow_yaml_parses[create-roadmap-issues.yml] PASSED [ 86%]
tests/test_workflow_serialization.py::test_workflow_yaml_parses[crosswalk-regeneration.yml] PASSED [ 87%]
tests/test_workflow_serialization.py::test_workflow_yaml_parses[deploy-docs.yml] PASSED [ 87%]
tests/test_workflow_serialization.py::test_workflow_yaml_parses[deploy.yml] PASSED [ 87%]
tests/test_workflow_serialization.py::test_workflow_yaml_parses[docs.yml] PASSED [ 87%]
tests/test_workflow_serialization.py::test_workflow_yaml_parses[drift-detection.yml] PASSED [ 87%]
tests/test_workflow_serialization.py::test_workflow_yaml_parses[generate-artifacts.yml] PASSED [ 88%]
tests/test_workflow_serialization.py::test_workflow_yaml_parses[generate-docs.yml] PASSED [ 88%]
tests/test_workflow_serialization.py::test_workflow_yaml_parses[generate-docx-exports.yml] PASSED [ 88%]
tests/test_workflow_serialization.py::test_workflow_yaml_parses[generate_artifacts.yml] PASSED [ 88%]
tests/test_workflow_serialization.py::test_workflow_yaml_parses[ksi-enrichment.yml] PASSED [ 88%]
tests/test_workflow_serialization.py::test_workflow_yaml_parses[lint.yml] PASSED [ 88%]
tests/test_workflow_serialization.py::test_workflow_yaml_parses[publish.yml] PASSED [ 89%]
tests/test_workflow_serialization.py::test_workflow_yaml_parses[push-adapters-workflow.yml] PASSED [ 89%]
tests/test_workflow_serialization.py::test_workflow_yaml_parses[rename-visuals.yml] PASSED [ 89%]
tests/test_workflow_serialization.py::test_workflow_yaml_parses[render-and-insert-diagrams.yml] PASSED [ 89%]
tests/test_workflow_serialization.py::test_workflow_yaml_parses[repo-hygiene.yml] PASSED [ 89%]
tests/test_workflow_serialization.py::test_workflow_yaml_parses[scuba-nightly.yml] PASSED [ 89%]
tests/test_workflow_serialization.py::test_workflow_yaml_parses[security-scan.yml] PASSED [ 90%]
tests/test_workflow_serialization.py::test_workflow_yaml_parses[validate-workflow-serialization.yml] PASSED [ 90%]
tests/test_workflow_serialization.py::test_workflow_yaml_parses[verify-signatures.yml] PASSED [ 90%]
tests/test_workflow_serialization.py::test_workflow_yaml_round_trips[adapter-run-scuba.yml] PASSED [ 90%]
tests/test_workflow_serialization.py::test_workflow_yaml_round_trips[ai-security-audit.yml] PASSED [ 90%]
tests/test_workflow_serialization.py::test_workflow_yaml_round_trips[canon-validation.yml] PASSED [ 91%]
tests/test_workflow_serialization.py::test_workflow_yaml_round_trips[changelog.yml] PASSED [ 91%]
tests/test_workflow_serialization.py::test_workflow_yaml_round_trips[ci.yml] PASSED [ 91%]
tests/test_workflow_serialization.py::test_workflow_yaml_round_trips[compliance-mapping.yml] PASSED [ 91%]
tests/test_workflow_serialization.py::test_workflow_yaml_round_trips[create-roadmap-issues.yml] PASSED [ 91%]
tests/test_workflow_serialization.py::test_workflow_yaml_round_trips[crosswalk-regeneration.yml] PASSED [ 91%]
tests/test_workflow_serialization.py::test_workflow_yaml_round_trips[deploy-docs.yml] PASSED [ 92%]
tests/test_workflow_serialization.py::test_workflow_yaml_round_trips[deploy.yml] PASSED [ 92%]
tests/test_workflow_serialization.py::test_workflow_yaml_round_trips[docs.yml] PASSED [ 92%]
tests/test_workflow_serialization.py::test_workflow_yaml_round_trips[drift-detection.yml] PASSED [ 92%]
tests/test_workflow_serialization.py::test_workflow_yaml_round_trips[generate-artifacts.yml] PASSED [ 92%]
tests/test_workflow_serialization.py::test_workflow_yaml_round_trips[generate-docs.yml] PASSED [ 92%]
tests/test_workflow_serialization.py::test_workflow_yaml_round_trips[generate-docx-exports.yml] PASSED [ 93%]
tests/test_workflow_serialization.py::test_workflow_yaml_round_trips[generate_artifacts.yml] PASSED [ 93%]
tests/test_workflow_serialization.py::test_workflow_yaml_round_trips[ksi-enrichment.yml] PASSED [ 93%]
tests/test_workflow_serialization.py::test_workflow_yaml_round_trips[lint.yml] PASSED [ 93%]
tests/test_workflow_serialization.py::test_workflow_yaml_round_trips[publish.yml] PASSED [ 93%]
tests/test_workflow_serialization.py::test_workflow_yaml_round_trips[push-adapters-workflow.yml] PASSED [ 94%]
tests/test_workflow_serialization.py::test_workflow_yaml_round_trips[rename-visuals.yml] PASSED [ 94%]
tests/test_workflow_serialization.py::test_workflow_yaml_round_trips[render-and-insert-diagrams.yml] PASSED [ 94%]
tests/test_workflow_serialization.py::test_workflow_yaml_round_trips[repo-hygiene.yml] PASSED [ 94%]
tests/test_workflow_serialization.py::test_workflow_yaml_round_trips[scuba-nightly.yml] PASSED [ 94%]
tests/test_workflow_serialization.py::test_workflow_yaml_round_trips[security-scan.yml] PASSED [ 94%]
tests/test_workflow_serialization.py::test_workflow_yaml_round_trips[validate-workflow-serialization.yml] PASSED [ 95%]
tests/test_workflow_serialization.py::test_workflow_yaml_round_trips[verify-signatures.yml] PASSED [ 95%]
tests/test_workflow_serialization.py::test_workflow_has_required_keys[adapter-run-scuba.yml] PASSED [ 95%]
tests/test_workflow_serialization.py::test_workflow_has_required_keys[ai-security-audit.yml] PASSED [ 95%]
tests/test_workflow_serialization.py::test_workflow_has_required_keys[canon-validation.yml] PASSED [ 95%]
tests/test_workflow_serialization.py::test_workflow_has_required_keys[changelog.yml] PASSED [ 95%]
tests/test_workflow_serialization.py::test_workflow_has_required_keys[ci.yml] PASSED [ 96%]
tests/test_workflow_serialization.py::test_workflow_has_required_keys[compliance-mapping.yml] PASSED [ 96%]
tests/test_workflow_serialization.py::test_workflow_has_required_keys[create-roadmap-issues.yml] PASSED [ 96%]
tests/test_workflow_serialization.py::test_workflow_has_required_keys[crosswalk-regeneration.yml] PASSED [ 96%]
tests/test_workflow_serialization.py::test_workflow_has_required_keys[deploy-docs.yml] PASSED [ 96%]
tests/test_workflow_serialization.py::test_workflow_has_required_keys[deploy.yml] PASSED [ 97%]
tests/test_workflow_serialization.py::test_workflow_has_required_keys[docs.yml] PASSED [ 97%]
tests/test_workflow_serialization.py::test_workflow_has_required_keys[drift-detection.yml] PASSED [ 97%]
tests/test_workflow_serialization.py::test_workflow_has_required_keys[generate-artifacts.yml] PASSED [ 97%]
tests/test_workflow_serialization.py::test_workflow_has_required_keys[generate-docs.yml] PASSED [ 97%]
tests/test_workflow_serialization.py::test_workflow_has_required_keys[generate-docx-exports.yml] PASSED [ 97%]
tests/test_workflow_serialization.py::test_workflow_has_required_keys[generate_artifacts.yml] PASSED [ 98%]
tests/test_workflow_serialization.py::test_workflow_has_required_keys[ksi-enrichment.yml] PASSED [ 98%]
tests/test_workflow_serialization.py::test_workflow_has_required_keys[lint.yml] PASSED [ 98%]
tests/test_workflow_serialization.py::test_workflow_has_required_keys[publish.yml] PASSED [ 98%]
tests/test_workflow_serialization.py::test_workflow_has_required_keys[push-adapters-workflow.yml] PASSED [ 98%]
tests/test_workflow_serialization.py::test_workflow_has_required_keys[rename-visuals.yml] PASSED [ 98%]
tests/test_workflow_serialization.py::test_workflow_has_required_keys[render-and-insert-diagrams.yml] PASSED [ 99%]
tests/test_workflow_serialization.py::test_workflow_has_required_keys[repo-hygiene.yml] PASSED [ 99%]
tests/test_workflow_serialization.py::test_workflow_has_required_keys[scuba-nightly.yml] PASSED [ 99%]
tests/test_workflow_serialization.py::test_workflow_has_required_keys[security-scan.yml] PASSED [ 99%]
tests/test_workflow_serialization.py::test_workflow_has_required_keys[validate-workflow-serialization.yml] PASSED [ 99%]
tests/test_workflow_serialization.py::test_workflow_has_required_keys[verify-signatures.yml] PASSED [100%]

================================== FAILURES ===================================
_______________________ test_adapter_connect[entra-id] ________________________
tests\test_adapters.py:36: in test_adapter_connect
    result = asyncio.get_event_loop().run_until_complete(instance.connect({}))
             ^^^^^^^^^^^^^^^^^^^^^^^^
C:\Python314\Lib\asyncio\events.py:715: in get_event_loop
    raise RuntimeError('There is no current event loop in thread %r.'
E   RuntimeError: There is no current event loop in thread 'MainThread'.
________________________ test_adapter_connect[intune] _________________________
tests\test_adapters.py:36: in test_adapter_connect
    result = asyncio.get_event_loop().run_until_complete(instance.connect({}))
             ^^^^^^^^^^^^^^^^^^^^^^^^
C:\Python314\Lib\asyncio\events.py:715: in get_event_loop
    raise RuntimeError('There is no current event loop in thread %r.'
E   RuntimeError: There is no current event loop in thread 'MainThread'.
_________________________ test_adapter_connect[m365] __________________________
tests\test_adapters.py:36: in test_adapter_connect
    result = asyncio.get_event_loop().run_until_complete(instance.connect({}))
             ^^^^^^^^^^^^^^^^^^^^^^^^
C:\Python314\Lib\asyncio\events.py:715: in get_event_loop
    raise RuntimeError('There is no current event loop in thread %r.'
E   RuntimeError: There is no current event loop in thread 'MainThread'.
__________________________ test_adapter_connect[sql] __________________________
tests\test_adapters.py:36: in test_adapter_connect
    result = asyncio.get_event_loop().run_until_complete(instance.connect({}))
             ^^^^^^^^^^^^^^^^^^^^^^^^
C:\Python314\Lib\asyncio\events.py:715: in get_event_loop
    raise RuntimeError('There is no current event loop in thread %r.'
E   RuntimeError: There is no current event loop in thread 'MainThread'.
________________ TestConmonExportOa.test_output_path_in_stdout ________________
tests\test_cli.py:304: in test_output_path_in_stdout
    assert str(out) in result.stdout
E   AssertionError: assert 'C:\\Users\\whale\\AppData\\Local\\Temp\\pytest-of-whale\\pytest-17\\test_output_path_in_stdout0\\oa-output.json' in 'Generating ongoing-authorization evidence artifact...\nOngoing-authorization evidence written to \nC:\\Users\\whale\\AppData\\Local\\Temp\\pytest-of-whale\\pytest-17\\test_output_path_in\n_stdout0\\oa-output.json\n'
E    +  where 'C:\\Users\\whale\\AppData\\Local\\Temp\\pytest-of-whale\\pytest-17\\test_output_path_in_stdout0\\oa-output.json' = str(WindowsPath('C:/Users/whale/AppData/Local/Temp/pytest-of-whale/pytest-17/test_output_path_in_stdout0/oa-output.json'))
E    +  and   'Generating ongoing-authorization evidence artifact...\nOngoing-authorization evidence written to \nC:\\Users\\whale\\AppData\\Local\\Temp\\pytest-of-whale\\pytest-17\\test_output_path_in\n_stdout0\\oa-output.json\n' = <Result okay>.stdout
____________________ TestDiagramsCanon.test_loads_as_yaml _____________________
tests\test_diagrams.py:33: in test_loads_as_yaml
    data = yaml.safe_load(_DIAGRAMS_CANON.read_text(encoding="utf-8"))
           ^^^^^^^^^^^^^^^^^^^^^^^^^^^^^^^^^^^^^^^^^^^^^^^^^^^^^^^^^^^
C:\Python314\Lib\site-packages\yaml\__init__.py:125: in safe_load
    return load(stream, SafeLoader)
           ^^^^^^^^^^^^^^^^^^^^^^^^
C:\Python314\Lib\site-packages\yaml\__init__.py:81: in load
    return loader.get_single_data()
           ^^^^^^^^^^^^^^^^^^^^^^^^
C:\Python314\Lib\site-packages\yaml\constructor.py:49: in get_single_data
    node = self.get_single_node()
           ^^^^^^^^^^^^^^^^^^^^^^
C:\Python314\Lib\site-packages\yaml\composer.py:36: in get_single_node
    document = self.compose_document()
               ^^^^^^^^^^^^^^^^^^^^^^^
C:\Python314\Lib\site-packages\yaml\composer.py:55: in compose_document
    node = self.compose_node(None, None)
           ^^^^^^^^^^^^^^^^^^^^^^^^^^^^^
C:\Python314\Lib\site-packages\yaml\composer.py:84: in compose_node
    node = self.compose_mapping_node(anchor)
           ^^^^^^^^^^^^^^^^^^^^^^^^^^^^^^^^^
C:\Python314\Lib\site-packages\yaml\composer.py:133: in compose_mapping_node
    item_value = self.compose_node(node, item_key)
                 ^^^^^^^^^^^^^^^^^^^^^^^^^^^^^^^^^
C:\Python314\Lib\site-packages\yaml\composer.py:84: in compose_node
    node = self.compose_mapping_node(anchor)
           ^^^^^^^^^^^^^^^^^^^^^^^^^^^^^^^^^
C:\Python314\Lib\site-packages\yaml\composer.py:133: in compose_mapping_node
    item_value = self.compose_node(node, item_key)
                 ^^^^^^^^^^^^^^^^^^^^^^^^^^^^^^^^^
C:\Python314\Lib\site-packages\yaml\composer.py:84: in compose_node
    node = self.compose_mapping_node(anchor)
           ^^^^^^^^^^^^^^^^^^^^^^^^^^^^^^^^^
C:\Python314\Lib\site-packages\yaml\composer.py:127: in compose_mapping_node
    while not self.check_event(MappingEndEvent):
              ^^^^^^^^^^^^^^^^^^^^^^^^^^^^^^^^^
C:\Python314\Lib\site-packages\yaml\parser.py:98: in check_event
    self.current_event = self.state()
                         ^^^^^^^^^^^^
C:\Python314\Lib\site-packages\yaml\parser.py:428: in parse_block_mapping_key
    if self.check_token(KeyToken):
       ^^^^^^^^^^^^^^^^^^^^^^^^^^
C:\Python314\Lib\site-packages\yaml\scanner.py:115: in check_token
    while self.need_more_tokens():
          ^^^^^^^^^^^^^^^^^^^^^^^
C:\Python314\Lib\site-packages\yaml\scanner.py:152: in need_more_tokens
    self.stale_possible_simple_keys()
C:\Python314\Lib\site-packages\yaml\scanner.py:291: in stale_possible_simple_keys
    raise ScannerError("while scanning a simple key", key.mark,
E   yaml.scanner.ScannerError: while scanning a simple key
E     in "<unicode string>", line 73, column 1:
E       Assessment" as SC
E       ^
E   could not find expected ':'
E     in "<unicode string>", line 75, column 1:
E       Transformer" as IR
E       ^
_______________ TestDiagramsCanon.test_diagrams_section_present _______________
tests\test_diagrams.py:37: in test_diagrams_section_present
    data = yaml.safe_load(_DIAGRAMS_CANON.read_text(encoding="utf-8"))
           ^^^^^^^^^^^^^^^^^^^^^^^^^^^^^^^^^^^^^^^^^^^^^^^^^^^^^^^^^^^
C:\Python314\Lib\site-packages\yaml\__init__.py:125: in safe_load
    return load(stream, SafeLoader)
           ^^^^^^^^^^^^^^^^^^^^^^^^
C:\Python314\Lib\site-packages\yaml\__init__.py:81: in load
    return loader.get_single_data()
           ^^^^^^^^^^^^^^^^^^^^^^^^
C:\Python314\Lib\site-packages\yaml\constructor.py:49: in get_single_data
    node = self.get_single_node()
           ^^^^^^^^^^^^^^^^^^^^^^
C:\Python314\Lib\site-packages\yaml\composer.py:36: in get_single_node
    document = self.compose_document()
               ^^^^^^^^^^^^^^^^^^^^^^^
C:\Python314\Lib\site-packages\yaml\composer.py:55: in compose_document
    node = self.compose_node(None, None)
           ^^^^^^^^^^^^^^^^^^^^^^^^^^^^^
C:\Python314\Lib\site-packages\yaml\composer.py:84: in compose_node
    node = self.compose_mapping_node(anchor)
           ^^^^^^^^^^^^^^^^^^^^^^^^^^^^^^^^^
C:\Python314\Lib\site-packages\yaml\composer.py:133: in compose_mapping_node
    item_value = self.compose_node(node, item_key)
                 ^^^^^^^^^^^^^^^^^^^^^^^^^^^^^^^^^
C:\Python314\Lib\site-packages\yaml\composer.py:84: in compose_node
    node = self.compose_mapping_node(anchor)
           ^^^^^^^^^^^^^^^^^^^^^^^^^^^^^^^^^
C:\Python314\Lib\site-packages\yaml\composer.py:133: in compose_mapping_node
    item_value = self.compose_node(node, item_key)
                 ^^^^^^^^^^^^^^^^^^^^^^^^^^^^^^^^^
C:\Python314\Lib\site-packages\yaml\composer.py:84: in compose_node
    node = self.compose_mapping_node(anchor)
           ^^^^^^^^^^^^^^^^^^^^^^^^^^^^^^^^^
C:\Python314\Lib\site-packages\yaml\composer.py:127: in compose_mapping_node
    while not self.check_event(MappingEndEvent):
              ^^^^^^^^^^^^^^^^^^^^^^^^^^^^^^^^^
C:\Python314\Lib\site-packages\yaml\parser.py:98: in check_event
    self.current_event = self.state()
                         ^^^^^^^^^^^^
C:\Python314\Lib\site-packages\yaml\parser.py:428: in parse_block_mapping_key
    if self.check_token(KeyToken):
       ^^^^^^^^^^^^^^^^^^^^^^^^^^
C:\Python314\Lib\site-packages\yaml\scanner.py:115: in check_token
    while self.need_more_tokens():
          ^^^^^^^^^^^^^^^^^^^^^^^
C:\Python314\Lib\site-packages\yaml\scanner.py:152: in need_more_tokens
    self.stale_possible_simple_keys()
C:\Python314\Lib\site-packages\yaml\scanner.py:291: in stale_possible_simple_keys
    raise ScannerError("while scanning a simple key", key.mark,
E   yaml.scanner.ScannerError: while scanning a simple key
E     in "<unicode string>", line 73, column 1:
E       Assessment" as SC
E       ^
E   could not find expected ':'
E     in "<unicode string>", line 75, column 1:
E       Transformer" as IR
E       ^
________________ TestDiagramsCanon.test_expected_diagram_keys _________________
tests\test_diagrams.py:41: in test_expected_diagram_keys
    data = yaml.safe_load(_DIAGRAMS_CANON.read_text(encoding="utf-8"))
           ^^^^^^^^^^^^^^^^^^^^^^^^^^^^^^^^^^^^^^^^^^^^^^^^^^^^^^^^^^^
C:\Python314\Lib\site-packages\yaml\__init__.py:125: in safe_load
    return load(stream, SafeLoader)
           ^^^^^^^^^^^^^^^^^^^^^^^^
C:\Python314\Lib\site-packages\yaml\__init__.py:81: in load
    return loader.get_single_data()
           ^^^^^^^^^^^^^^^^^^^^^^^^
C:\Python314\Lib\site-packages\yaml\constructor.py:49: in get_single_data
    node = self.get_single_node()
           ^^^^^^^^^^^^^^^^^^^^^^
C:\Python314\Lib\site-packages\yaml\composer.py:36: in get_single_node
    document = self.compose_document()
               ^^^^^^^^^^^^^^^^^^^^^^^
C:\Python314\Lib\site-packages\yaml\composer.py:55: in compose_document
    node = self.compose_node(None, None)
           ^^^^^^^^^^^^^^^^^^^^^^^^^^^^^
C:\Python314\Lib\site-packages\yaml\composer.py:84: in compose_node
    node = self.compose_mapping_node(anchor)
           ^^^^^^^^^^^^^^^^^^^^^^^^^^^^^^^^^
C:\Python314\Lib\site-packages\yaml\composer.py:133: in compose_mapping_node
    item_value = self.compose_node(node, item_key)
                 ^^^^^^^^^^^^^^^^^^^^^^^^^^^^^^^^^
C:\Python314\Lib\site-packages\yaml\composer.py:84: in compose_node
    node = self.compose_mapping_node(anchor)
           ^^^^^^^^^^^^^^^^^^^^^^^^^^^^^^^^^
C:\Python314\Lib\site-packages\yaml\composer.py:133: in compose_mapping_node
    item_value = self.compose_node(node, item_key)
                 ^^^^^^^^^^^^^^^^^^^^^^^^^^^^^^^^^
C:\Python314\Lib\site-packages\yaml\composer.py:84: in compose_node
    node = self.compose_mapping_node(anchor)
           ^^^^^^^^^^^^^^^^^^^^^^^^^^^^^^^^^
C:\Python314\Lib\site-packages\yaml\composer.py:127: in compose_mapping_node
    while not self.check_event(MappingEndEvent):
              ^^^^^^^^^^^^^^^^^^^^^^^^^^^^^^^^^
C:\Python314\Lib\site-packages\yaml\parser.py:98: in check_event
    self.current_event = self.state()
                         ^^^^^^^^^^^^
C:\Python314\Lib\site-packages\yaml\parser.py:428: in parse_block_mapping_key
    if self.check_token(KeyToken):
       ^^^^^^^^^^^^^^^^^^^^^^^^^^
C:\Python314\Lib\site-packages\yaml\scanner.py:115: in check_token
    while self.need_more_tokens():
          ^^^^^^^^^^^^^^^^^^^^^^^
C:\Python314\Lib\site-packages\yaml\scanner.py:152: in need_more_tokens
    self.stale_possible_simple_keys()
C:\Python314\Lib\site-packages\yaml\scanner.py:291: in stale_possible_simple_keys
    raise ScannerError("while scanning a simple key", key.mark,
E   yaml.scanner.ScannerError: while scanning a simple key
E     in "<unicode string>", line 73, column 1:
E       Assessment" as SC
E       ^
E   could not find expected ':'
E     in "<unicode string>", line 75, column 1:
E       Transformer" as IR
E       ^
___________ TestDiagramsCanon.test_each_diagram_has_required_fields ___________
tests\test_diagrams.py:54: in test_each_diagram_has_required_fields
    data = yaml.safe_load(_DIAGRAMS_CANON.read_text(encoding="utf-8"))
           ^^^^^^^^^^^^^^^^^^^^^^^^^^^^^^^^^^^^^^^^^^^^^^^^^^^^^^^^^^^
C:\Python314\Lib\site-packages\yaml\__init__.py:125: in safe_load
    return load(stream, SafeLoader)
           ^^^^^^^^^^^^^^^^^^^^^^^^
C:\Python314\Lib\site-packages\yaml\__init__.py:81: in load
    return loader.get_single_data()
           ^^^^^^^^^^^^^^^^^^^^^^^^
C:\Python314\Lib\site-packages\yaml\constructor.py:49: in get_single_data
    node = self.get_single_node()
           ^^^^^^^^^^^^^^^^^^^^^^
C:\Python314\Lib\site-packages\yaml\composer.py:36: in get_single_node
    document = self.compose_document()
               ^^^^^^^^^^^^^^^^^^^^^^^
C:\Python314\Lib\site-packages\yaml\composer.py:55: in compose_document
    node = self.compose_node(None, None)
           ^^^^^^^^^^^^^^^^^^^^^^^^^^^^^
C:\Python314\Lib\site-packages\yaml\composer.py:84: in compose_node
    node = self.compose_mapping_node(anchor)
           ^^^^^^^^^^^^^^^^^^^^^^^^^^^^^^^^^
C:\Python314\Lib\site-packages\yaml\composer.py:133: in compose_mapping_node
    item_value = self.compose_node(node, item_key)
                 ^^^^^^^^^^^^^^^^^^^^^^^^^^^^^^^^^
C:\Python314\Lib\site-packages\yaml\composer.py:84: in compose_node
    node = self.compose_mapping_node(anchor)
           ^^^^^^^^^^^^^^^^^^^^^^^^^^^^^^^^^
C:\Python314\Lib\site-packages\yaml\composer.py:133: in compose_mapping_node
    item_value = self.compose_node(node, item_key)
                 ^^^^^^^^^^^^^^^^^^^^^^^^^^^^^^^^^
C:\Python314\Lib\site-packages\yaml\composer.py:84: in compose_node
    node = self.compose_mapping_node(anchor)
           ^^^^^^^^^^^^^^^^^^^^^^^^^^^^^^^^^
C:\Python314\Lib\site-packages\yaml\composer.py:127: in compose_mapping_node
    while not self.check_event(MappingEndEvent):
              ^^^^^^^^^^^^^^^^^^^^^^^^^^^^^^^^^
C:\Python314\Lib\site-packages\yaml\parser.py:98: in check_event
    self.current_event = self.state()
                         ^^^^^^^^^^^^
C:\Python314\Lib\site-packages\yaml\parser.py:428: in parse_block_mapping_key
    if self.check_token(KeyToken):
       ^^^^^^^^^^^^^^^^^^^^^^^^^^
C:\Python314\Lib\site-packages\yaml\scanner.py:115: in check_token
    while self.need_more_tokens():
          ^^^^^^^^^^^^^^^^^^^^^^^
C:\Python314\Lib\site-packages\yaml\scanner.py:152: in need_more_tokens
    self.stale_possible_simple_keys()
C:\Python314\Lib\site-packages\yaml\scanner.py:291: in stale_possible_simple_keys
    raise ScannerError("while scanning a simple key", key.mark,
E   yaml.scanner.ScannerError: while scanning a simple key
E     in "<unicode string>", line 73, column 1:
E       Assessment" as SC
E       ^
E   could not find expected ':'
E     in "<unicode string>", line 75, column 1:
E       Transformer" as IR
E       ^
_____________ TestDiagramsCanon.test_load_diagrams_canon_function _____________
tests\test_diagrams.py:65: in test_load_diagrams_canon_function
    diagrams = load_diagrams_canon(_DIAGRAMS_CANON)
               ^^^^^^^^^^^^^^^^^^^^^^^^^^^^^^^^^^^^
src\uiao_core\generators\diagrams.py:55: in load_diagrams_canon
    data = yaml.safe_load(fh) or {}
           ^^^^^^^^^^^^^^^^^^
C:\Python314\Lib\site-packages\yaml\__init__.py:125: in safe_load
    return load(stream, SafeLoader)
           ^^^^^^^^^^^^^^^^^^^^^^^^
C:\Python314\Lib\site-packages\yaml\__init__.py:81: in load
    return loader.get_single_data()
           ^^^^^^^^^^^^^^^^^^^^^^^^
C:\Python314\Lib\site-packages\yaml\constructor.py:49: in get_single_data
    node = self.get_single_node()
           ^^^^^^^^^^^^^^^^^^^^^^
C:\Python314\Lib\site-packages\yaml\composer.py:36: in get_single_node
    document = self.compose_document()
               ^^^^^^^^^^^^^^^^^^^^^^^
C:\Python314\Lib\site-packages\yaml\composer.py:55: in compose_document
    node = self.compose_node(None, None)
           ^^^^^^^^^^^^^^^^^^^^^^^^^^^^^
C:\Python314\Lib\site-packages\yaml\composer.py:84: in compose_node
    node = self.compose_mapping_node(anchor)
           ^^^^^^^^^^^^^^^^^^^^^^^^^^^^^^^^^
C:\Python314\Lib\site-packages\yaml\composer.py:133: in compose_mapping_node
    item_value = self.compose_node(node, item_key)
                 ^^^^^^^^^^^^^^^^^^^^^^^^^^^^^^^^^
C:\Python314\Lib\site-packages\yaml\composer.py:84: in compose_node
    node = self.compose_mapping_node(anchor)
           ^^^^^^^^^^^^^^^^^^^^^^^^^^^^^^^^^
C:\Python314\Lib\site-packages\yaml\composer.py:133: in compose_mapping_node
    item_value = self.compose_node(node, item_key)
                 ^^^^^^^^^^^^^^^^^^^^^^^^^^^^^^^^^
C:\Python314\Lib\site-packages\yaml\composer.py:84: in compose_node
    node = self.compose_mapping_node(anchor)
           ^^^^^^^^^^^^^^^^^^^^^^^^^^^^^^^^^
C:\Python314\Lib\site-packages\yaml\composer.py:127: in compose_mapping_node
    while not self.check_event(MappingEndEvent):
              ^^^^^^^^^^^^^^^^^^^^^^^^^^^^^^^^^
C:\Python314\Lib\site-packages\yaml\parser.py:98: in check_event
    self.current_event = self.state()
                         ^^^^^^^^^^^^
C:\Python314\Lib\site-packages\yaml\parser.py:428: in parse_block_mapping_key
    if self.check_token(KeyToken):
       ^^^^^^^^^^^^^^^^^^^^^^^^^^
C:\Python314\Lib\site-packages\yaml\scanner.py:115: in check_token
    while self.need_more_tokens():
          ^^^^^^^^^^^^^^^^^^^^^^^
C:\Python314\Lib\site-packages\yaml\scanner.py:152: in need_more_tokens
    self.stale_possible_simple_keys()
C:\Python314\Lib\site-packages\yaml\scanner.py:291: in stale_possible_simple_keys
    raise ScannerError("while scanning a simple key", key.mark,
E   yaml.scanner.ScannerError: while scanning a simple key
E     in "C:\Users\whale\uiao-core\generation-inputs\diagrams.yaml", line 73, column 1
E   could not find expected ':'
E     in "C:\Users\whale\uiao-core\generation-inputs\diagrams.yaml", line 75, column 1
__________ TestGenerateDiagramsFromCanon.test_creates_plantuml_files __________
tests\test_diagrams.py:92: in test_creates_plantuml_files
    generate_diagrams_from_canon(
src\uiao_core\generators\diagrams.py:133: in generate_diagrams_from_canon
    diagrams = load_diagrams_canon(canon_path)
               ^^^^^^^^^^^^^^^^^^^^^^^^^^^^^^^
src\uiao_core\generators\diagrams.py:55: in load_diagrams_canon
    data = yaml.safe_load(fh) or {}
           ^^^^^^^^^^^^^^^^^^
C:\Python314\Lib\site-packages\yaml\__init__.py:125: in safe_load
    return load(stream, SafeLoader)
           ^^^^^^^^^^^^^^^^^^^^^^^^
C:\Python314\Lib\site-packages\yaml\__init__.py:81: in load
    return loader.get_single_data()
           ^^^^^^^^^^^^^^^^^^^^^^^^
C:\Python314\Lib\site-packages\yaml\constructor.py:49: in get_single_data
    node = self.get_single_node()
           ^^^^^^^^^^^^^^^^^^^^^^
C:\Python314\Lib\site-packages\yaml\composer.py:36: in get_single_node
    document = self.compose_document()
               ^^^^^^^^^^^^^^^^^^^^^^^
C:\Python314\Lib\site-packages\yaml\composer.py:55: in compose_document
    node = self.compose_node(None, None)
           ^^^^^^^^^^^^^^^^^^^^^^^^^^^^^
C:\Python314\Lib\site-packages\yaml\composer.py:84: in compose_node
    node = self.compose_mapping_node(anchor)
           ^^^^^^^^^^^^^^^^^^^^^^^^^^^^^^^^^
C:\Python314\Lib\site-packages\yaml\composer.py:133: in compose_mapping_node
    item_value = self.compose_node(node, item_key)
                 ^^^^^^^^^^^^^^^^^^^^^^^^^^^^^^^^^
C:\Python314\Lib\site-packages\yaml\composer.py:84: in compose_node
    node = self.compose_mapping_node(anchor)
           ^^^^^^^^^^^^^^^^^^^^^^^^^^^^^^^^^
C:\Python314\Lib\site-packages\yaml\composer.py:133: in compose_mapping_node
    item_value = self.compose_node(node, item_key)
                 ^^^^^^^^^^^^^^^^^^^^^^^^^^^^^^^^^
C:\Python314\Lib\site-packages\yaml\composer.py:84: in compose_node
    node = self.compose_mapping_node(anchor)
           ^^^^^^^^^^^^^^^^^^^^^^^^^^^^^^^^^
C:\Python314\Lib\site-packages\yaml\composer.py:127: in compose_mapping_node
    while not self.check_event(MappingEndEvent):
              ^^^^^^^^^^^^^^^^^^^^^^^^^^^^^^^^^
C:\Python314\Lib\site-packages\yaml\parser.py:98: in check_event
    self.current_event = self.state()
                         ^^^^^^^^^^^^
C:\Python314\Lib\site-packages\yaml\parser.py:428: in parse_block_mapping_key
    if self.check_token(KeyToken):
       ^^^^^^^^^^^^^^^^^^^^^^^^^^
C:\Python314\Lib\site-packages\yaml\scanner.py:115: in check_token
    while self.need_more_tokens():
          ^^^^^^^^^^^^^^^^^^^^^^^
C:\Python314\Lib\site-packages\yaml\scanner.py:152: in need_more_tokens
    self.stale_possible_simple_keys()
C:\Python314\Lib\site-packages\yaml\scanner.py:291: in stale_possible_simple_keys
    raise ScannerError("while scanning a simple key", key.mark,
E   yaml.scanner.ScannerError: while scanning a simple key
E     in "C:\Users\whale\uiao-core\generation-inputs\diagrams.yaml", line 73, column 1
E   could not find expected ':'
E     in "C:\Users\whale\uiao-core\generation-inputs\diagrams.yaml", line 75, column 1
______ TestGenerateDiagramsFromCanon.test_plantuml_file_names_match_keys ______
tests\test_diagrams.py:109: in test_plantuml_file_names_match_keys
    generate_diagrams_from_canon(
src\uiao_core\generators\diagrams.py:133: in generate_diagrams_from_canon
    diagrams = load_diagrams_canon(canon_path)
               ^^^^^^^^^^^^^^^^^^^^^^^^^^^^^^^
src\uiao_core\generators\diagrams.py:55: in load_diagrams_canon
    data = yaml.safe_load(fh) or {}
           ^^^^^^^^^^^^^^^^^^
C:\Python314\Lib\site-packages\yaml\__init__.py:125: in safe_load
    return load(stream, SafeLoader)
           ^^^^^^^^^^^^^^^^^^^^^^^^
C:\Python314\Lib\site-packages\yaml\__init__.py:81: in load
    return loader.get_single_data()
           ^^^^^^^^^^^^^^^^^^^^^^^^
C:\Python314\Lib\site-packages\yaml\constructor.py:49: in get_single_data
    node = self.get_single_node()
           ^^^^^^^^^^^^^^^^^^^^^^
C:\Python314\Lib\site-packages\yaml\composer.py:36: in get_single_node
    document = self.compose_document()
               ^^^^^^^^^^^^^^^^^^^^^^^
C:\Python314\Lib\site-packages\yaml\composer.py:55: in compose_document
    node = self.compose_node(None, None)
           ^^^^^^^^^^^^^^^^^^^^^^^^^^^^^
C:\Python314\Lib\site-packages\yaml\composer.py:84: in compose_node
    node = self.compose_mapping_node(anchor)
           ^^^^^^^^^^^^^^^^^^^^^^^^^^^^^^^^^
C:\Python314\Lib\site-packages\yaml\composer.py:133: in compose_mapping_node
    item_value = self.compose_node(node, item_key)
                 ^^^^^^^^^^^^^^^^^^^^^^^^^^^^^^^^^
C:\Python314\Lib\site-packages\yaml\composer.py:84: in compose_node
    node = self.compose_mapping_node(anchor)
           ^^^^^^^^^^^^^^^^^^^^^^^^^^^^^^^^^
C:\Python314\Lib\site-packages\yaml\composer.py:133: in compose_mapping_node
    item_value = self.compose_node(node, item_key)
                 ^^^^^^^^^^^^^^^^^^^^^^^^^^^^^^^^^
C:\Python314\Lib\site-packages\yaml\composer.py:84: in compose_node
    node = self.compose_mapping_node(anchor)
           ^^^^^^^^^^^^^^^^^^^^^^^^^^^^^^^^^
C:\Python314\Lib\site-packages\yaml\composer.py:127: in compose_mapping_node
    while not self.check_event(MappingEndEvent):
              ^^^^^^^^^^^^^^^^^^^^^^^^^^^^^^^^^
C:\Python314\Lib\site-packages\yaml\parser.py:98: in check_event
    self.current_event = self.state()
                         ^^^^^^^^^^^^
C:\Python314\Lib\site-packages\yaml\parser.py:428: in parse_block_mapping_key
    if self.check_token(KeyToken):
       ^^^^^^^^^^^^^^^^^^^^^^^^^^
C:\Python314\Lib\site-packages\yaml\scanner.py:115: in check_token
    while self.need_more_tokens():
          ^^^^^^^^^^^^^^^^^^^^^^^
C:\Python314\Lib\site-packages\yaml\scanner.py:152: in need_more_tokens
    self.stale_possible_simple_keys()
C:\Python314\Lib\site-packages\yaml\scanner.py:291: in stale_possible_simple_keys
    raise ScannerError("while scanning a simple key", key.mark,
E   yaml.scanner.ScannerError: while scanning a simple key
E     in "C:\Users\whale\uiao-core\generation-inputs\diagrams.yaml", line 73, column 1
E   could not find expected ':'
E     in "C:\Users\whale\uiao-core\generation-inputs\diagrams.yaml", line 75, column 1
____ TestGenerateDiagramsFromCanon.test_plantuml_file_content_is_nonempty _____
tests\test_diagrams.py:134: in test_plantuml_file_content_is_nonempty
    generate_diagrams_from_canon(
src\uiao_core\generators\diagrams.py:133: in generate_diagrams_from_canon
    diagrams = load_diagrams_canon(canon_path)
               ^^^^^^^^^^^^^^^^^^^^^^^^^^^^^^^
src\uiao_core\generators\diagrams.py:55: in load_diagrams_canon
    data = yaml.safe_load(fh) or {}
           ^^^^^^^^^^^^^^^^^^
C:\Python314\Lib\site-packages\yaml\__init__.py:125: in safe_load
    return load(stream, SafeLoader)
           ^^^^^^^^^^^^^^^^^^^^^^^^
C:\Python314\Lib\site-packages\yaml\__init__.py:81: in load
    return loader.get_single_data()
           ^^^^^^^^^^^^^^^^^^^^^^^^
C:\Python314\Lib\site-packages\yaml\constructor.py:49: in get_single_data
    node = self.get_single_node()
           ^^^^^^^^^^^^^^^^^^^^^^
C:\Python314\Lib\site-packages\yaml\composer.py:36: in get_single_node
    document = self.compose_document()
               ^^^^^^^^^^^^^^^^^^^^^^^
C:\Python314\Lib\site-packages\yaml\composer.py:55: in compose_document
    node = self.compose_node(None, None)
           ^^^^^^^^^^^^^^^^^^^^^^^^^^^^^
C:\Python314\Lib\site-packages\yaml\composer.py:84: in compose_node
    node = self.compose_mapping_node(anchor)
           ^^^^^^^^^^^^^^^^^^^^^^^^^^^^^^^^^
C:\Python314\Lib\site-packages\yaml\composer.py:133: in compose_mapping_node
    item_value = self.compose_node(node, item_key)
                 ^^^^^^^^^^^^^^^^^^^^^^^^^^^^^^^^^
C:\Python314\Lib\site-packages\yaml\composer.py:84: in compose_node
    node = self.compose_mapping_node(anchor)
           ^^^^^^^^^^^^^^^^^^^^^^^^^^^^^^^^^
C:\Python314\Lib\site-packages\yaml\composer.py:133: in compose_mapping_node
    item_value = self.compose_node(node, item_key)
                 ^^^^^^^^^^^^^^^^^^^^^^^^^^^^^^^^^
C:\Python314\Lib\site-packages\yaml\composer.py:84: in compose_node
    node = self.compose_mapping_node(anchor)
           ^^^^^^^^^^^^^^^^^^^^^^^^^^^^^^^^^
C:\Python314\Lib\site-packages\yaml\composer.py:127: in compose_mapping_node
    while not self.check_event(MappingEndEvent):
              ^^^^^^^^^^^^^^^^^^^^^^^^^^^^^^^^^
C:\Python314\Lib\site-packages\yaml\parser.py:98: in check_event
    self.current_event = self.state()
                         ^^^^^^^^^^^^
C:\Python314\Lib\site-packages\yaml\parser.py:428: in parse_block_mapping_key
    if self.check_token(KeyToken):
       ^^^^^^^^^^^^^^^^^^^^^^^^^^
C:\Python314\Lib\site-packages\yaml\scanner.py:115: in check_token
    while self.need_more_tokens():
          ^^^^^^^^^^^^^^^^^^^^^^^
C:\Python314\Lib\site-packages\yaml\scanner.py:152: in need_more_tokens
    self.stale_possible_simple_keys()
C:\Python314\Lib\site-packages\yaml\scanner.py:291: in stale_possible_simple_keys
    raise ScannerError("while scanning a simple key", key.mark,
E   yaml.scanner.ScannerError: while scanning a simple key
[...]
_______________ TestSSPBuilder.test_load_ssp_template_structure _______________
tests\test_generators.py:317: in test_load_ssp_template_structure
    assert template.get("version") == "rev5"
E   AssertionError: assert None == 'rev5'
E    +  where None = <built-in method get of dict object at 0x0000024B15401A40>('version')
E    +    where <built-in method get of dict object at 0x0000024B15401A40> = {'metadata': {'title': 'FedRAMP System Security Plan Template', 'version': 'Rev5', 'published': '2024-01-01', 'last-modified': '2024-01-01'}, 'system-characteristics': {'system-name': 'UIAO Core Platform', 'description': 'Unified Identity-Addressing-Overlay Architecture for FedRAMP modernization.\n', 'system-ids': [{'id': 'uiao-core-001', 'identifier-type': 'https://ietf.org/rfc/rfc4122'}], 'system-status': {'state': 'operational'}, 'authorization-boundary': {'description': 'The authorization boundary includes all cloud-hosted components and the management interfaces used to operate them.\n'}, 'security-impact-level': {'security-objective-confidentiality': 'moderate', 'security-objective-integrity': 'moderate', 'security-objective-availability': 'moderate'}}, 'roles': [{'id': 'system-owner', 'title': 'System Owner'}, {'id': 'authorizing-official', 'title': 'Authorizing Official'}, {'id': 'system-security-officer', 'title': 'System Security Officer'}, {'id': 'information-system-security-officer', 'title': 'Information System Security Officer'}], 'responsible-parties': [{'role-id': 'system-owner', 'party-uuids': ['00000000-0000-4000-8000-000000000001']}, {'role-id': 'authorizing-official', 'party-uuids': ['00000000-0000-4000-8000-000000000002']}], 'control-implementation': {'description': 'Implementation details for all applicable FedRAMP Rev5 controls.\n', 'implemented-requirements': []}, 'back-matter': {'resources': []}}.get
________ TestOverlayIntegration.test_all_overlays_restore_vendor_names ________
tests\test_overlay_loader.py:154: in test_all_overlays_restore_vendor_names
    assert planes["identity"]["subtitle"] == "Entra ID + ICAM + Zero Trust"
E   AssertionError: assert 'Identity Provider + ICAM + Zero Trust' == 'Entra ID + ICAM + Zero Trust'
E     
E     - Entra ID + ICAM + Zero Trust
E     + Identity Provider + ICAM + Zero Trust
___ TestOverlayIntegration.test_fedramp_alignment_updated_via_top_level_key ___
tests\test_overlay_loader.py:187: in test_fedramp_alignment_updated_via_top_level_key
    alignment = {a["plane_id"]: a for a in context["fedramp_20x_control_plane_alignment"]}
                                           ^^^^^^^^^^^^^^^^^^^^^^^^^^^^^^^^^^^^^^^^^^^^^^
E   KeyError: 'fedramp_20x_control_plane_alignment'
============================== warnings summary ===============================
..\..\..\Python314\Lib\site-packages\trestle\oscal\component.py:33
  C:\Python314\Lib\site-packages\trestle\oscal\component.py:33: UserWarning: Core Pydantic V1 functionality isn't compatible with Python 3.14 or greater.
    from pydantic.v1 import AnyUrl, EmailStr, Extra, Field, conint, constr, validator

..\..\..\Python314\Lib\site-packages\pydantic\v1\typing.py:77
..\..\..\Python314\Lib\site-packages\pydantic\v1\typing.py:77
..\..\..\Python314\Lib\site-packages\pydantic\v1\typing.py:77
..\..\..\Python314\Lib\site-packages\pydantic\v1\typing.py:77
..\..\..\Python314\Lib\site-packages\pydantic\v1\typing.py:77
..\..\..\Python314\Lib\site-packages\pydantic\v1\typing.py:77
  C:\Python314\Lib\site-packages\pydantic\v1\typing.py:77: DeprecationWarning: ForwardRef._evaluate is a private API and is retained for compatibility, but will be removed in Python 3.16. Use ForwardRef.evaluate() or typing.evaluate_forward_ref() instead.
    return cast(Any, type_)._evaluate(globalns, localns, type_params=(), recursive_guard=set())

scripts\cyberark_sync_orchestrator.py:8
  C:\Users\whale\uiao-core\tests\..\scripts\cyberark_sync_orchestrator.py:8: DeprecationWarning: scripts/cyberark_sync_orchestrator.py is deprecated. Use `uiao` CLI instead.
    warnings.warn(

scripts\enforcement_orchestrator.py:7
  C:\Users\whale\uiao-core\scripts\enforcement_orchestrator.py:7: DeprecationWarning: scripts/enforcement_orchestrator.py is deprecated. Use `uiao` CLI instead.
    warnings.warn(

scripts\sync_orchestrator.py:9
  C:\Users\whale\uiao-core\scripts\sync_orchestrator.py:9: DeprecationWarning: scripts/sync_orchestrator.py is deprecated. Use `uiao` CLI instead.
    warnings.warn(

scripts\generate_docs.py:24
  C:\Users\whale\uiao-core\tests\..\scripts\generate_docs.py:24: DeprecationWarning: scripts/generate_docs.py is deprecated. Use `uiao generate-docs` instead.
    warnings.warn(

-- Docs: https://docs.pytest.org/en/stable/how-to/capture-warnings.html
=========================== short test summary info ===========================
FAILED tests/test_adapters.py::test_adapter_connect[entra-id] - RuntimeError: There is no current event loop in thread 'MainThread'.
FAILED tests/test_adapters.py::test_adapter_connect[intune] - RuntimeError: There is no current event loop in thread 'MainThread'.
FAILED tests/test_adapters.py::test_adapter_connect[m365] - RuntimeError: There is no current event loop in thread 'MainThread'.
FAILED tests/test_adapters.py::test_adapter_connect[sql] - RuntimeError: There is no current event loop in thread 'MainThread'.
FAILED tests/test_cli.py::TestConmonExportOa::test_output_path_in_stdout - AssertionError: assert 'C:\\Users\\whale\\AppData\\Local\\Temp\\pytest-of-whale\\pytest-17\\test_output_path_in_stdout0\\oa-output.json' in 'Generating ongoing-authorization evidence artifact...\nOngoing-authorization evidence written to \nC:\\Users\\whale\\AppData\\Local\\Temp\\pytest-of-whale\\pytest-17\\test_output_path_in\n_stdout0\\oa-output.json\n'
 +  where 'C:\\Users\\whale\\AppData\\Local\\Temp\\pytest-of-whale\\pytest-17\\test_output_path_in_stdout0\\oa-output.json' = str(WindowsPath('C:/Users/whale/AppData/Local/Temp/pytest-of-whale/pytest-17/test_output_path_in_stdout0/oa-output.json'))
 +  and   'Generating ongoing-authorization evidence artifact...\nOngoing-authorization evidence written to \nC:\\Users\\whale\\AppData\\Local\\Temp\\pytest-of-whale\\pytest-17\\test_output_path_in\n_stdout0\\oa-output.json\n' = <Result okay>.stdout
FAILED tests/test_diagrams.py::TestDiagramsCanon::test_loads_as_yaml - yaml.scanner.ScannerError: while scanning a simple key
  in "<unicode string>", line 73, column 1:
    Assessment" as SC
    ^
could not find expected ':'
  in "<unicode string>", line 75, column 1:
    Transformer" as IR
    ^
FAILED tests/test_diagrams.py::TestDiagramsCanon::test_diagrams_section_present - yaml.scanner.ScannerError: while scanning a simple key
  in "<unicode string>", line 73, column 1:
    Assessment" as SC
    ^
could not find expected ':'
  in "<unicode string>", line 75, column 1:
    Transformer" as IR
    ^
FAILED tests/test_diagrams.py::TestDiagramsCanon::test_expected_diagram_keys - yaml.scanner.ScannerError: while scanning a simple key
  in "<unicode string>", line 73, column 1:
    Assessment" as SC
    ^
could not find expected ':'
  in "<unicode string>", line 75, column 1:
    Transformer" as IR
    ^
FAILED tests/test_diagrams.py::TestDiagramsCanon::test_each_diagram_has_required_fields - yaml.scanner.ScannerError: while scanning a simple key
  in "<unicode string>", line 73, column 1:
    Assessment" as SC
    ^
could not find expected ':'
  in "<unicode string>", line 75, column 1:
    Transformer" as IR
    ^
FAILED tests/test_diagrams.py::TestDiagramsCanon::test_load_diagrams_canon_function - yaml.scanner.ScannerError: while scanning a simple key
  in "C:\Users\whale\uiao-core\generation-inputs\diagrams.yaml", line 73, column 1
could not find expected ':'
  in "C:\Users\whale\uiao-core\generation-inputs\diagrams.yaml", line 75, column 1
FAILED tests/test_diagrams.py::TestGenerateDiagramsFromCanon::test_creates_plantuml_files - yaml.scanner.ScannerError: while scanning a simple key
  in "C:\Users\whale\uiao-core\generation-inputs\diagrams.yaml", line 73, column 1
could not find expected ':'
  in "C:\Users\whale\uiao-core\generation-inputs\diagrams.yaml", line 75, column 1
FAILED tests/test_diagrams.py::TestGenerateDiagramsFromCanon::test_plantuml_file_names_match_keys - yaml.scanner.ScannerError: while scanning a simple key
  in "C:\Users\whale\uiao-core\generation-inputs\diagrams.yaml", line 73, column 1
could not find expected ':'
  in "C:\Users\whale\uiao-core\generation-inputs\diagrams.yaml", line 75, column 1
FAILED tests/test_diagrams.py::TestGenerateDiagramsFromCanon::test_plantuml_file_content_is_nonempty - yaml.scanner.ScannerError: while scanning a simple key
  in "C:\Users\whale\uiao-core\generation-inputs\diagrams.yaml", line 73, column 1
could not find expected ':'
  in "C:\Users\whale\uiao-core\generation-inputs\diagrams.yaml", line 75, column 1
FAILED tests/test_diagrams.py::TestGenerateDiagramsFromCanon::test_plantuml_file_content_is_valid_plantuml - yaml.scanner.ScannerError: while scanning a simple key
  in "C:\Users\whale\uiao-core\generation-inputs\diagrams.yaml", line 73, column 1
could not find expected ':'
  in "C:\Users\whale\uiao-core\generation-inputs\diagrams.yaml", line 75, column 1
FAILED tests/test_diagrams.py::TestGenerateDiagramsFromCanon::test_strict_mode_raises_on_render_failure - yaml.scanner.ScannerError: while scanning a simple key
  in "C:\Users\whale\uiao-core\generation-inputs\diagrams.yaml", line 73, column 1
could not find expected ':'
  in "C:\Users\whale\uiao-core\generation-inputs\diagrams.yaml", line 75, column 1
FAILED tests/test_diagrams.py::TestGenerateDiagramsFromCanon::test_build_diagrams_returns_output_dir - yaml.scanner.ScannerError: while scanning a simple key
  in "C:\Users\whale\uiao-core\generation-inputs\diagrams.yaml", line 73, column 1
could not find expected ':'
  in "C:\Users\whale\uiao-core\generation-inputs\diagrams.yaml", line 75, column 1
FAILED tests/test_evidence.py::TestOSCALSSPBackMatter::test_ssp_back_matter_has_resources - AssertionError: back-matter resources should not be empty
assert 0 > 0
 +  where 0 = len([])
FAILED tests/test_generate_diagrams.py::TestIsGeminiOwned::test_src_templates_always_gemini - AssertionError: assert False
 +  where False = <function is_gemini_owned at 0x0000024B1534B690>(WindowsPath('src/templates/arch.md'))
 +    where <function is_gemini_owned at 0x0000024B1534B690> = <module 'generate_diagrams' from 'C:\\Users\\whale\\uiao-core\\scripts\\generate_diagrams.py'>.is_gemini_owned
 +      where <module 'generate_diagrams' from 'C:\\Users\\whale\\uiao-core\\scripts\\generate_diagrams.py'> = <test_generate_diagrams.TestIsGeminiOwned object at 0x0000024B77BCA0D0>.mod
 +    and   WindowsPath('src/templates/arch.md') = Path('src/templates/arch.md')
FAILED tests/test_generate_diagrams.py::TestIsGeminiOwned::test_gemini_tag_in_src_templates - AssertionError: assert False
 +  where False = <function is_gemini_owned at 0x0000024B1543D900>(WindowsPath('src/templates/tagged.md'))
 +    where <function is_gemini_owned at 0x0000024B1543D900> = <module 'generate_diagrams' from 'C:\\Users\\whale\\uiao-core\\scripts\\generate_diagrams.py'>.is_gemini_owned
 +      where <module 'generate_diagrams' from 'C:\\Users\\whale\\uiao-core\\scripts\\generate_diagrams.py'> = <test_generate_diagrams.TestIsGeminiOwned object at 0x0000024B77B46250>.mod
 +    and   WindowsPath('src/templates/tagged.md') = Path('src/templates/tagged.md')
FAILED tests/test_generators.py::TestSSPBuilder::test_build_ssp_fedramp_rev5_metadata_props - AssertionError: assert None == 'rev5'
 +  where None = <built-in method get of dict object at 0x0000024B154BADC0>('fedramp-version')
 +    where <built-in method get of dict object at 0x0000024B154BADC0> = {'compliance-strategy': 'OSCAL-based Telemetry Validation'}.get
FAILED tests/test_generators.py::TestSSPBuilder::test_build_ssp_all_required_roles - AssertionError: Missing roles: {'system-poc-technical', 'system-poc-management', 'authorizing-official', 'information-system-security-officer', 'prepared-by', 'system-owner'}
assert False
 +  where False = <built-in method issubset of set object at 0x0000024B15257680>({'agency-admin', 'admin'})
 +    where <built-in method issubset of set object at 0x0000024B15257680> = {'system-poc-technical', 'information-system-security-officer', 'system-poc-management', 'prepared-by', 'authorizing-official', 'system-owner'}.issubset
FAILED tests/test_generators.py::TestSSPBuilder::test_build_ssp_system_characteristics_cloud_props - AssertionError: assert 'cloud-service-model' in set()
FAILED tests/test_generators.py::TestSSPBuilder::test_build_ssp_back_matter_section12 - AssertionError: assert 'back-matter' in {'uuid': '9d8a9557-178e-4764-af1b-8334b3f9b9d2', 'metadata': {'title': 'UIAO - System Security Plan (FedRAMP Moderate Rev 5)', 'published': '2026-04-09T00:00:57.553054+00:00', 'last-modified': '2026-04-09T00:00:57.553054+00:00', 'version': '1.0', 'oscal-version': '1.0.4', 'props': [{'name': 'compliance-strategy', 'value': 'OSCAL-based Telemetry Validation', 'ns': 'https://fedramp.gov/ns/oscal'}], 'roles': [{'id': 'admin', 'title': 'System Administrator'}, {'id': 'agency-admin', 'title': 'Agency Administrator'}], 'parties': [{'uuid': '82e04546-8caa-442e-9313-de7ce1157e72', 'type': 'organization', 'name': 'UIAO Program Office'}], 'responsible-parties': [{'role-id': 'system-owner', 'party-uuids': ['82e04546-8caa-442e-9313-de7ce1157e72']}, {'role-id': 'authorizing-official', 'party-uuids': ['82e04546-8caa-442e-9313-de7ce1157e72']}, {'role-id': 'prepared-by', 'party-uuids': ['82e04546-8caa-442e-9313-de7ce1157e72']}, {'role-id': 'prepared-for', 'party-uuids': ['82e04546-8caa-442e-9313-de7ce1157e72']}, {'role-id': 'information-system-security-officer', 'party-uuids': ['82e04546-8caa-442e-9313-de7ce1157e72']}]}, 'import-profile': {'href': 'https://raw.githubusercontent.com/GSA/fedramp-automation/refs/heads/develop/src/content/rev5/baselines/json/FedRAMP_rev5_MODERATE-baseline_profile.json'}, 'system-characteristics': {'system-ids': [{'id': 'uiao-modernized-cloud'}], 'system-name': 'UIAO-Modernized Cloud Environment', 'system-name-short': 'UIAO', 'description': 'Reference architecture for TIC 3.0 migration.', 'system-information': {'information-types': [{'uuid': '694c3472-d545-431e-9589-7e96ab694352', 'title': 'Operational Information', 'description': 'General operational data supporting UIAO TIC 3.0 mission.', 'categorizations': [{'system': 'https://doi.org/10.6028/NIST.SP.800-60v2r1', 'information-type-ids': ['C.3.5.8']}], 'confidentiality-impact': {'base': 'fips-199-moderate'}, 'integrity-impact': {'base': 'fips-199-moderate'}, 'availability-impact': {'base': 'fips-199-moderate'}}]}, 'security-impact-level': {'security-objective-confidentiality': 'fips-199-moderate', 'security-objective-integrity': 'fips-199-moderate', 'security-objective-availability': 'fips-199-moderate'}, 'status': {'state': 'operational'}, 'props': [], 'authorization-boundary': {'description': 'Cloud-hosted UIAO architecture boundary spanning identity, addressing, and telemetry planes. Includes all components operating under the UIAO FedRAMP authorization.'}, 'network-architecture': {'description': 'The UIAO network architecture implements a Zero Trust model with three primary planes: Identity (Microsoft Entra ID / CyberArk), Addressing (Infoblox DDI), and Overlay/Telemetry (Cisco SD-WAN / Microsoft Sentinel). All inter-plane traffic is protected by mTLS. The architecture aligns with CISA TIC 3.0 requirements.'}, 'data-flow': {'description': 'Data flows originate at user endpoints, traverse the UIAO identity plane for authentication and authorization, and are routed through the Cisco SD-WAN overlay. All network flows are logged and aggregated in Microsoft Sentinel for continuous monitoring. No data leaves the government-only community cloud boundary without explicit authorization.'}}, 'system-implementation': {'users': [{'uuid': '2c5d75e6-434f-4c14-8215-b7884a77fda4', 'title': 'System Administrators', 'role-ids': ['admin']}, {'uuid': 'c7dc7946-ddd0-4738-9deb-e9d3cc2f5461', 'title': 'Agency Administrators', 'role-ids': ['agency-admin']}, {'uuid': '62333681-0cdf-485e-a447-853c5a843634', 'title': 'Security Operations Center', 'role-ids': ['agency-soc']}, {'uuid': 'a336b665-9ec5-4d51-9b89-188317184384', 'title': 'Network Administrators', 'role-ids': ['agency-network']}], 'components': []}, 'control-implementation': {'description': 'Control implementations from UIAO components and compliance matrix (FedRAMP Moderate Rev 5 baseline)', 'set-parameters': [], 'implemented-requirements': []}}
FAILED tests/test_generators.py::TestSSPBuilder::test_load_ssp_template_structure - AssertionError: assert None == 'rev5'
 +  where None = <built-in method get of dict object at 0x0000024B15401A40>('version')
 +    where <built-in method get of dict object at 0x0000024B15401A40> = {'metadata': {'title': 'FedRAMP System Security Plan Template', 'version': 'Rev5', 'published': '2024-01-01', 'last-modified': '2024-01-01'}, 'system-characteristics': {'system-name': 'UIAO Core Platform', 'description': 'Unified Identity-Addressing-Overlay Architecture for FedRAMP modernization.\n', 'system-ids': [{'id': 'uiao-core-001', 'identifier-type': 'https://ietf.org/rfc/rfc4122'}], 'system-status': {'state': 'operational'}, 'authorization-boundary': {'description': 'The authorization boundary includes all cloud-hosted components and the management interfaces used to operate them.\n'}, 'security-impact-level': {'security-objective-confidentiality': 'moderate', 'security-objective-integrity': 'moderate', 'security-objective-availability': 'moderate'}}, 'roles': [{'id': 'system-owner', 'title': 'System Owner'}, {'id': 'authorizing-official', 'title': 'Authorizing Official'}, {'id': 'system-security-officer', 'title': 'System Security Officer'}, {'id': 'information-system-security-officer', 'title': 'Information System Security Officer'}], 'responsible-parties': [{'role-id': 'system-owner', 'party-uuids': ['00000000-0000-4000-8000-000000000001']}, {'role-id': 'authorizing-official', 'party-uuids': ['00000000-0000-4000-8000-000000000002']}], 'control-implementation': {'description': 'Implementation details for all applicable FedRAMP Rev5 controls.\n', 'implemented-requirements': []}, 'back-matter': {'resources': []}}.get
FAILED tests/test_overlay_loader.py::TestOverlayIntegration::test_all_overlays_restore_vendor_names - AssertionError: assert 'Identity Provider + ICAM + Zero Trust' == 'Entra ID + ICAM + Zero Trust'
  
  - Entra ID + ICAM + Zero Trust
  + Identity Provider + ICAM + Zero Trust
FAILED tests/test_overlay_loader.py::TestOverlayIntegration::test_fedramp_alignment_updated_via_top_level_key - KeyError: 'fedramp_20x_control_plane_alignment'
=========== 26 failed, 543 passed, 11 warnings in 75.96s (0:01:15) ============
